{"meta": {"format": 3, "version": "7.13.1", "timestamp": "2026-02-15T04:06:30.696692", "branch_coverage": false, "show_contexts": false}, "files": {"src\\sopilot\\__init__.py": {"executed_lines": [], "summary": {"covered_lines": 0, "num_statements": 0, "percent_covered": 100.0, "percent_covered_display": "100", "missing_lines": 0, "excluded_lines": 0, "percent_statements_covered": 100.0, "percent_statements_covered_display": "100"}, "missing_lines": [], "excluded_lines": [], "functions": {"": {"executed_lines": [], "summary": {"covered_lines": 0, "num_statements": 0, "percent_covered": 100.0, "percent_covered_display": "100", "missing_lines": 0, "excluded_lines": 0, "percent_statements_covered": 100.0, "percent_statements_covered_display": "100"}, "missing_lines": [], "excluded_lines": [], "start_line": 1}}, "classes": {"": {"executed_lines": [], "summary": {"covered_lines": 0, "num_statements": 0, "percent_covered": 100.0, "percent_covered_display": "100", "missing_lines": 0, "excluded_lines": 0, "percent_statements_covered": 100.0, "percent_statements_covered_display": "100"}, "missing_lines": [], "excluded_lines": [], "start_line": 1}}}, "src\\sopilot\\adapt\\__init__.py": {"executed_lines": [], "summary": {"covered_lines": 0, "num_statements": 0, "percent_covered": 100.0, "percent_covered_display": "100", "missing_lines": 0, "excluded_lines": 0, "percent_statements_covered": 100.0, "percent_statements_covered_display": "100"}, "missing_lines": [], "excluded_lines": [], "functions": {"": {"executed_lines": [], "summary": {"covered_lines": 0, "num_statements": 0, "percent_covered": 100.0, "percent_covered_display": "100", "missing_lines": 0, "excluded_lines": 0, "percent_statements_covered": 100.0, "percent_statements_covered_display": "100"}, "missing_lines": [], "excluded_lines": [], "start_line": 1}}, "classes": {"": {"executed_lines": [], "summary": {"covered_lines": 0, "num_statements": 0, "percent_covered": 100.0, "percent_covered_display": "100", "missing_lines": 0, "excluded_lines": 0, "percent_statements_covered": 100.0, "percent_statements_covered_display": "100"}, "missing_lines": [], "excluded_lines": [], "start_line": 1}}}, "src\\sopilot\\adapt\\train_domain_adapter.py": {"executed_lines": [], "summary": {"covered_lines": 0, "num_statements": 208, "percent_covered": 0.0, "percent_covered_display": "0", "missing_lines": 208, "excluded_lines": 0, "percent_statements_covered": 0.0, "percent_statements_covered_display": "0"}, "missing_lines": [1, 3, 4, 5, 6, 7, 8, 9, 11, 13, 16, 17, 18, 19, 20, 21, 22, 23, 25, 26, 27, 28, 29, 30, 31, 33, 34, 35, 36, 37, 38, 39, 41, 42, 43, 44, 45, 46, 47, 49, 50, 51, 52, 54, 55, 56, 57, 60, 61, 62, 63, 65, 66, 67, 68, 69, 70, 72, 73, 82, 83, 85, 86, 87, 88, 89, 90, 91, 101, 102, 103, 105, 106, 107, 108, 109, 115, 116, 117, 118, 119, 120, 121, 122, 123, 124, 126, 129, 130, 131, 133, 134, 135, 136, 138, 140, 141, 142, 143, 144, 145, 148, 149, 150, 151, 152, 153, 154, 155, 156, 157, 160, 169, 170, 171, 180, 183, 184, 185, 186, 187, 188, 189, 190, 191, 192, 193, 194, 197, 198, 199, 201, 202, 203, 204, 205, 207, 208, 209, 210, 211, 212, 213, 222, 223, 224, 226, 227, 229, 230, 238, 239, 240, 242, 243, 245, 246, 247, 248, 256, 257, 258, 260, 261, 262, 263, 265, 266, 267, 268, 269, 270, 271, 272, 273, 274, 275, 276, 277, 278, 279, 280, 282, 283, 284, 285, 287, 288, 296, 297, 298, 300, 301, 302, 304, 305, 306, 308, 309, 311, 319, 321, 335, 337, 338, 339, 342, 343], "excluded_lines": [], "functions": {"DistRuntime.all_reduce_np": {"executed_lines": [], "summary": {"covered_lines": 0, "num_statements": 6, "percent_covered": 0.0, "percent_covered_display": "0", "missing_lines": 6, "excluded_lines": 0, "percent_statements_covered": 0.0, "percent_statements_covered_display": "0"}, "missing_lines": [26, 27, 28, 29, 30, 31], "excluded_lines": [], "start_line": 25}, "DistRuntime.all_reduce_float": {"executed_lines": [], "summary": {"covered_lines": 0, "num_statements": 6, "percent_covered": 0.0, "percent_covered_display": "0", "missing_lines": 6, "excluded_lines": 0, "percent_statements_covered": 0.0, "percent_statements_covered_display": "0"}, "missing_lines": [34, 35, 36, 37, 38, 39], "excluded_lines": [], "start_line": 33}, "DistRuntime.broadcast_object": {"executed_lines": [], "summary": {"covered_lines": 0, "num_statements": 6, "percent_covered": 0.0, "percent_covered_display": "0", "missing_lines": 6, "excluded_lines": 0, "percent_statements_covered": 0.0, "percent_statements_covered_display": "0"}, "missing_lines": [42, 43, 44, 45, 46, 47], "excluded_lines": [], "start_line": 41}, "DistRuntime.barrier": {"executed_lines": [], "summary": {"covered_lines": 0, "num_statements": 3, "percent_covered": 0.0, "percent_covered_display": "0", "missing_lines": 3, "excluded_lines": 0, "percent_statements_covered": 0.0, "percent_statements_covered_display": "0"}, "missing_lines": [50, 51, 52], "excluded_lines": [], "start_line": 49}, "DistRuntime.shutdown": {"executed_lines": [], "summary": {"covered_lines": 0, "num_statements": 3, "percent_covered": 0.0, "percent_covered_display": "0", "missing_lines": 3, "excluded_lines": 0, "percent_statements_covered": 0.0, "percent_statements_covered_display": "0"}, "missing_lines": [55, 56, 57], "excluded_lines": [], "start_line": 54}, "_init_dist_runtime": {"executed_lines": [], "summary": {"covered_lines": 0, "num_statements": 20, "percent_covered": 0.0, "percent_covered_display": "0", "missing_lines": 20, "excluded_lines": 0, "percent_statements_covered": 0.0, "percent_statements_covered_display": "0"}, "missing_lines": [61, 62, 63, 65, 66, 67, 68, 69, 70, 72, 73, 82, 83, 85, 86, 87, 88, 89, 90, 91], "excluded_lines": [], "start_line": 60}, "_load_video_rows": {"executed_lines": [], "summary": {"covered_lines": 0, "num_statements": 18, "percent_covered": 0.0, "percent_covered_display": "0", "missing_lines": 18, "excluded_lines": 0, "percent_statements_covered": 0.0, "percent_statements_covered_display": "0"}, "missing_lines": [102, 103, 105, 106, 107, 108, 109, 115, 116, 117, 118, 119, 120, 121, 122, 123, 124, 126], "excluded_lines": [], "start_line": 101}, "_select_source_path": {"executed_lines": [], "summary": {"covered_lines": 0, "num_statements": 13, "percent_covered": 0.0, "percent_covered_display": "0", "missing_lines": 13, "excluded_lines": 0, "percent_statements_covered": 0.0, "percent_statements_covered_display": "0"}, "missing_lines": [130, 131, 133, 134, 135, 136, 138, 140, 141, 142, 143, 144, 145], "excluded_lines": [], "start_line": 129}, "_infer_dim": {"executed_lines": [], "summary": {"covered_lines": 0, "num_statements": 9, "percent_covered": 0.0, "percent_covered_display": "0", "missing_lines": 9, "excluded_lines": 0, "percent_statements_covered": 0.0, "percent_statements_covered_display": "0"}, "missing_lines": [149, 150, 151, 152, 153, 154, 155, 156, 157], "excluded_lines": [], "start_line": 148}, "_write_skip_report": {"executed_lines": [], "summary": {"covered_lines": 0, "num_statements": 4, "percent_covered": 0.0, "percent_covered_display": "0", "missing_lines": 4, "excluded_lines": 0, "percent_statements_covered": 0.0, "percent_statements_covered_display": "0"}, "missing_lines": [169, 170, 171, 180], "excluded_lines": [], "start_line": 160}, "_parse_args": {"executed_lines": [], "summary": {"covered_lines": 0, "num_statements": 11, "percent_covered": 0.0, "percent_covered_display": "0", "missing_lines": 11, "excluded_lines": 0, "percent_statements_covered": 0.0, "percent_statements_covered_display": "0"}, "missing_lines": [184, 185, 186, 187, 188, 189, 190, 191, 192, 193, 194], "excluded_lines": [], "start_line": 183}, "main": {"executed_lines": [], "summary": {"covered_lines": 0, "num_statements": 77, "percent_covered": 0.0, "percent_covered_display": "0", "missing_lines": 77, "excluded_lines": 0, "percent_statements_covered": 0.0, "percent_statements_covered_display": "0"}, "missing_lines": [198, 199, 201, 202, 203, 204, 205, 207, 208, 209, 210, 211, 212, 213, 222, 223, 224, 226, 227, 229, 230, 238, 239, 240, 242, 243, 245, 246, 247, 248, 256, 257, 258, 260, 261, 262, 263, 265, 266, 267, 268, 269, 270, 271, 272, 273, 274, 275, 276, 277, 278, 279, 280, 282, 283, 284, 285, 287, 288, 296, 297, 298, 300, 301, 302, 304, 305, 306, 308, 309, 311, 319, 321, 335, 337, 338, 339], "excluded_lines": [], "start_line": 197}, "": {"executed_lines": [], "summary": {"covered_lines": 0, "num_statements": 32, "percent_covered": 0.0, "percent_covered_display": "0", "missing_lines": 32, "excluded_lines": 0, "percent_statements_covered": 0.0, "percent_statements_covered_display": "0"}, "missing_lines": [1, 3, 4, 5, 6, 7, 8, 9, 11, 13, 16, 17, 18, 19, 20, 21, 22, 23, 25, 33, 41, 49, 54, 60, 101, 129, 148, 160, 183, 197, 342, 343], "excluded_lines": [], "start_line": 1}}, "classes": {"DistRuntime": {"executed_lines": [], "summary": {"covered_lines": 0, "num_statements": 24, "percent_covered": 0.0, "percent_covered_display": "0", "missing_lines": 24, "excluded_lines": 0, "percent_statements_covered": 0.0, "percent_statements_covered_display": "0"}, "missing_lines": [26, 27, 28, 29, 30, 31, 34, 35, 36, 37, 38, 39, 42, 43, 44, 45, 46, 47, 50, 51, 52, 55, 56, 57], "excluded_lines": [], "start_line": 17}, "": {"executed_lines": [], "summary": {"covered_lines": 0, "num_statements": 184, "percent_covered": 0.0, "percent_covered_display": "0", "missing_lines": 184, "excluded_lines": 0, "percent_statements_covered": 0.0, "percent_statements_covered_display": "0"}, "missing_lines": [1, 3, 4, 5, 6, 7, 8, 9, 11, 13, 16, 17, 18, 19, 20, 21, 22, 23, 25, 33, 41, 49, 54, 60, 61, 62, 63, 65, 66, 67, 68, 69, 70, 72, 73, 82, 83, 85, 86, 87, 88, 89, 90, 91, 101, 102, 103, 105, 106, 107, 108, 109, 115, 116, 117, 118, 119, 120, 121, 122, 123, 124, 126, 129, 130, 131, 133, 134, 135, 136, 138, 140, 141, 142, 143, 144, 145, 148, 149, 150, 151, 152, 153, 154, 155, 156, 157, 160, 169, 170, 171, 180, 183, 184, 185, 186, 187, 188, 189, 190, 191, 192, 193, 194, 197, 198, 199, 201, 202, 203, 204, 205, 207, 208, 209, 210, 211, 212, 213, 222, 223, 224, 226, 227, 229, 230, 238, 239, 240, 242, 243, 245, 246, 247, 248, 256, 257, 258, 260, 261, 262, 263, 265, 266, 267, 268, 269, 270, 271, 272, 273, 274, 275, 276, 277, 278, 279, 280, 282, 283, 284, 285, 287, 288, 296, 297, 298, 300, 301, 302, 304, 305, 306, 308, 309, 311, 319, 321, 335, 337, 338, 339, 342, 343], "excluded_lines": [], "start_line": 1}}}, "src\\sopilot\\api.py": {"executed_lines": [1, 3, 4, 5, 6, 7, 9, 10, 11, 13, 14, 15, 34, 35, 36, 38, 39, 40, 41, 53, 60, 61, 62, 63, 64, 65, 66, 69, 70, 73, 74, 75, 78, 79, 80, 81, 84, 85, 86, 87, 88, 89, 90, 91, 92, 93, 94, 95, 96, 97, 98, 99, 100, 101, 104, 105, 106, 107, 108, 109, 112, 113, 114, 115, 116, 117, 123, 133, 134, 135, 136, 137, 138, 139, 140, 141, 144, 145, 146, 147, 148, 149, 150, 151, 152, 153, 154, 155, 156, 158, 159, 162, 163, 164, 165, 166, 167, 168, 169, 170, 171, 172, 173, 174, 175, 178, 189, 190, 191, 192, 193, 194, 195, 196, 198, 199, 200, 201, 202, 203, 204, 205, 207, 208, 209, 210, 211, 213, 216, 228, 229, 232, 233, 234, 235, 236, 240, 250, 251, 254, 255, 256, 262, 263, 264, 265, 267, 268, 270, 271, 272, 273, 275, 277, 278, 279, 282, 284, 286, 287, 288, 289, 290, 291, 293, 299, 300, 301, 305, 306, 307, 309, 319, 320, 325, 326, 327, 329, 330, 331, 332, 333, 336, 338, 339, 340, 342, 343, 344, 346, 348, 349, 358, 359, 371, 372, 380, 381, 393, 394, 395, 396, 397, 398, 400, 401, 402, 403, 404, 409, 410, 411, 419, 420, 421, 422, 423, 424, 426, 427, 428, 429, 430, 436, 437, 443, 444, 451, 452, 460, 461, 465, 466, 468, 469, 470, 471, 472, 473, 475, 476, 477, 478, 479, 480, 481, 489, 490, 491, 492, 493, 494, 495, 496, 500, 501, 502, 503, 504, 508, 518, 519, 520, 521, 522, 523, 525, 526, 527, 529, 530, 531, 532, 534, 535, 539, 540, 541, 542, 552, 553, 554, 555, 556, 557, 571, 572, 573, 574, 576, 577, 579, 580, 582, 585, 586, 587, 597], "summary": {"covered_lines": 298, "num_statements": 324, "percent_covered": 91.9753086419753, "percent_covered_display": "92", "missing_lines": 26, "excluded_lines": 0, "percent_statements_covered": 91.9753086419753, "percent_statements_covered_display": "92"}, "missing_lines": [230, 237, 238, 252, 253, 257, 258, 259, 334, 335, 345, 431, 432, 433, 434, 450, 497, 498, 509, 510, 543, 544, 562, 563, 591, 592], "excluded_lines": [], "functions": {"_is_auth_configured": {"executed_lines": [60, 61, 62, 63, 64, 65, 66], "summary": {"covered_lines": 7, "num_statements": 7, "percent_covered": 100.0, "percent_covered_display": "100", "missing_lines": 0, "excluded_lines": 0, "percent_statements_covered": 100.0, "percent_statements_covered_display": "100"}, "missing_lines": [], "excluded_lines": [], "start_line": 53}, "_safe_filename": {"executed_lines": [70], "summary": {"covered_lines": 1, "num_statements": 1, "percent_covered": 100.0, "percent_covered_display": "100", "missing_lines": 0, "excluded_lines": 0, "percent_statements_covered": 100.0, "percent_statements_covered_display": "100"}, "missing_lines": [], "excluded_lines": [], "start_line": 69}, "_normalize_role": {"executed_lines": [74, 75], "summary": {"covered_lines": 2, "num_statements": 2, "percent_covered": 100.0, "percent_covered_display": "100", "missing_lines": 0, "excluded_lines": 0, "percent_statements_covered": 100.0, "percent_statements_covered_display": "100"}, "missing_lines": [], "excluded_lines": [], "start_line": 73}, "_has_required_role": {"executed_lines": [79, 80, 81], "summary": {"covered_lines": 3, "num_statements": 3, "percent_covered": 100.0, "percent_covered_display": "100", "missing_lines": 0, "excluded_lines": 0, "percent_statements_covered": 100.0, "percent_statements_covered_display": "100"}, "missing_lines": [], "excluded_lines": [], "start_line": 78}, "_parse_role_tokens": {"executed_lines": [85, 86, 87, 88, 89, 90, 91, 92, 93, 94, 95, 96, 97, 98, 99, 100, 101], "summary": {"covered_lines": 17, "num_statements": 17, "percent_covered": 100.0, "percent_covered_display": "100", "missing_lines": 0, "excluded_lines": 0, "percent_statements_covered": 100.0, "percent_statements_covered_display": "100"}, "missing_lines": [], "excluded_lines": [], "start_line": 84}, "_is_public_path": {"executed_lines": [105, 106, 107, 108, 109], "summary": {"covered_lines": 5, "num_statements": 5, "percent_covered": 100.0, "percent_covered_display": "100", "missing_lines": 0, "excluded_lines": 0, "percent_statements_covered": 100.0, "percent_statements_covered_display": "100"}, "missing_lines": [], "excluded_lines": [], "start_line": 104}, "_require_role": {"executed_lines": [113, 114, 115, 116, 117], "summary": {"covered_lines": 5, "num_statements": 5, "percent_covered": 100.0, "percent_covered_display": "100", "missing_lines": 0, "excluded_lines": 0, "percent_statements_covered": 100.0, "percent_statements_covered_display": "100"}, "missing_lines": [], "excluded_lines": [], "start_line": 112}, "_map_service_error": {"executed_lines": [133, 134, 135, 136, 137, 138, 139, 140, 141], "summary": {"covered_lines": 9, "num_statements": 9, "percent_covered": 100.0, "percent_covered_display": "100", "missing_lines": 0, "excluded_lines": 0, "percent_statements_covered": 100.0, "percent_statements_covered_display": "100"}, "missing_lines": [], "excluded_lines": [], "start_line": 123}, "_persist_upload": {"executed_lines": [145, 146, 147, 148, 149, 150, 151, 152, 153, 154, 155, 156, 158, 159], "summary": {"covered_lines": 14, "num_statements": 14, "percent_covered": 100.0, "percent_covered_display": "100", "missing_lines": 0, "excluded_lines": 0, "percent_statements_covered": 100.0, "percent_statements_covered_display": "100"}, "missing_lines": [], "excluded_lines": [], "start_line": 144}, "_parse_basic": {"executed_lines": [163, 164, 165, 166, 167, 168, 169, 170, 171, 172, 173, 174, 175], "summary": {"covered_lines": 13, "num_statements": 13, "percent_covered": 100.0, "percent_covered_display": "100", "missing_lines": 0, "excluded_lines": 0, "percent_statements_covered": 100.0, "percent_statements_covered_display": "100"}, "missing_lines": [], "excluded_lines": [], "start_line": 162}, "_resolve_identity": {"executed_lines": [189, 190, 191, 192, 193, 194, 195, 196, 198, 199, 200, 201, 202, 203, 204, 205, 207, 208, 209, 210, 211, 213], "summary": {"covered_lines": 22, "num_statements": 22, "percent_covered": 100.0, "percent_covered_display": "100", "missing_lines": 0, "excluded_lines": 0, "percent_statements_covered": 100.0, "percent_statements_covered_display": "100"}, "missing_lines": [], "excluded_lines": [], "start_line": 178}, "_handle_upload_enqueue": {"executed_lines": [228, 229, 232, 233, 234, 235, 236, 240, 250, 251, 254, 255, 256], "summary": {"covered_lines": 13, "num_statements": 21, "percent_covered": 61.904761904761905, "percent_covered_display": "62", "missing_lines": 8, "excluded_lines": 0, "percent_statements_covered": 61.904761904761905, "percent_statements_covered_display": "62"}, "missing_lines": [230, 237, 238, 252, 253, 257, 258, 259], "excluded_lines": [], "start_line": 216}, "create_app": {"executed_lines": [263, 264, 265, 267, 268, 270, 271, 277, 278, 279, 282, 284, 286, 287, 329, 330, 338, 339, 342, 343, 348, 349, 371, 372, 393, 394, 400, 401, 419, 420, 426, 427, 436, 437, 460, 461, 468, 469, 475, 476, 489, 490, 500, 501, 518, 519, 525, 526, 529, 530, 534, 535, 552, 553, 571, 572, 576, 577, 597], "summary": {"covered_lines": 59, "num_statements": 59, "percent_covered": 100.0, "percent_covered_display": "100", "missing_lines": 0, "excluded_lines": 0, "percent_statements_covered": 100.0, "percent_statements_covered_display": "100"}, "missing_lines": [], "excluded_lines": [], "start_line": 262}, "create_app.lifespan": {"executed_lines": [272, 273, 275], "summary": {"covered_lines": 3, "num_statements": 3, "percent_covered": 100.0, "percent_covered_display": "100", "missing_lines": 0, "excluded_lines": 0, "percent_statements_covered": 100.0, "percent_statements_covered_display": "100"}, "missing_lines": [], "excluded_lines": [], "start_line": 271}, "create_app.auth_middleware": {"executed_lines": [288, 289, 290, 291, 293, 299, 300, 301, 305, 306, 307, 309, 319, 320, 325, 326, 327], "summary": {"covered_lines": 17, "num_statements": 17, "percent_covered": 100.0, "percent_covered_display": "100", "missing_lines": 0, "excluded_lines": 0, "percent_statements_covered": 100.0, "percent_statements_covered_display": "100"}, "missing_lines": [], "excluded_lines": [], "start_line": 287}, "create_app.health": {"executed_lines": [331, 332, 333, 336], "summary": {"covered_lines": 4, "num_statements": 6, "percent_covered": 66.66666666666667, "percent_covered_display": "67", "missing_lines": 2, "excluded_lines": 0, "percent_statements_covered": 66.66666666666667, "percent_statements_covered_display": "67"}, "missing_lines": [334, 335], "excluded_lines": [], "start_line": 330}, "create_app.root": {"executed_lines": [340], "summary": {"covered_lines": 1, "num_statements": 1, "percent_covered": 100.0, "percent_covered_display": "100", "missing_lines": 0, "excluded_lines": 0, "percent_statements_covered": 100.0, "percent_statements_covered_display": "100"}, "missing_lines": [], "excluded_lines": [], "start_line": 339}, "create_app.ui": {"executed_lines": [344, 346], "summary": {"covered_lines": 2, "num_statements": 3, "percent_covered": 66.66666666666667, "percent_covered_display": "67", "missing_lines": 1, "excluded_lines": 0, "percent_statements_covered": 66.66666666666667, "percent_statements_covered_display": "67"}, "missing_lines": [345], "excluded_lines": [], "start_line": 343}, "create_app.upload_video": {"executed_lines": [358, 359], "summary": {"covered_lines": 2, "num_statements": 2, "percent_covered": 100.0, "percent_covered_display": "100", "missing_lines": 0, "excluded_lines": 0, "percent_statements_covered": 100.0, "percent_statements_covered_display": "100"}, "missing_lines": [], "excluded_lines": [], "start_line": 349}, "create_app.upload_gold": {"executed_lines": [380, 381], "summary": {"covered_lines": 2, "num_statements": 2, "percent_covered": 100.0, "percent_covered_display": "100", "missing_lines": 0, "excluded_lines": 0, "percent_statements_covered": 100.0, "percent_statements_covered_display": "100"}, "missing_lines": [], "excluded_lines": [], "start_line": 372}, "create_app.get_ingest_job": {"executed_lines": [395, 396, 397, 398], "summary": {"covered_lines": 4, "num_statements": 4, "percent_covered": 100.0, "percent_covered_display": "100", "missing_lines": 0, "excluded_lines": 0, "percent_statements_covered": 100.0, "percent_statements_covered_display": "100"}, "missing_lines": [], "excluded_lines": [], "start_line": 394}, "create_app.create_score": {"executed_lines": [402, 403, 404, 409, 410, 411], "summary": {"covered_lines": 6, "num_statements": 6, "percent_covered": 100.0, "percent_covered_display": "100", "missing_lines": 0, "excluded_lines": 0, "percent_statements_covered": 100.0, "percent_statements_covered_display": "100"}, "missing_lines": [], "excluded_lines": [], "start_line": 401}, "create_app.get_score": {"executed_lines": [421, 422, 423, 424], "summary": {"covered_lines": 4, "num_statements": 4, "percent_covered": 100.0, "percent_covered_display": "100", "missing_lines": 0, "excluded_lines": 0, "percent_statements_covered": 100.0, "percent_statements_covered_display": "100"}, "missing_lines": [], "excluded_lines": [], "start_line": 420}, "create_app.get_score_pdf": {"executed_lines": [428, 429, 430], "summary": {"covered_lines": 3, "num_statements": 7, "percent_covered": 42.857142857142854, "percent_covered_display": "43", "missing_lines": 4, "excluded_lines": 0, "percent_statements_covered": 42.857142857142854, "percent_statements_covered_display": "43"}, "missing_lines": [431, 432, 433, 434], "excluded_lines": [], "start_line": 427}, "create_app.search": {"executed_lines": [443, 444, 451, 452], "summary": {"covered_lines": 4, "num_statements": 5, "percent_covered": 80.0, "percent_covered_display": "80", "missing_lines": 1, "excluded_lines": 0, "percent_statements_covered": 80.0, "percent_statements_covered_display": "80"}, "missing_lines": [450], "excluded_lines": [], "start_line": 437}, "create_app.list_videos": {"executed_lines": [465, 466], "summary": {"covered_lines": 2, "num_statements": 2, "percent_covered": 100.0, "percent_covered_display": "100", "missing_lines": 0, "excluded_lines": 0, "percent_statements_covered": 100.0, "percent_statements_covered_display": "100"}, "missing_lines": [], "excluded_lines": [], "start_line": 461}, "create_app.get_video": {"executed_lines": [470, 471, 472, 473], "summary": {"covered_lines": 4, "num_statements": 4, "percent_covered": 100.0, "percent_covered_display": "100", "missing_lines": 0, "excluded_lines": 0, "percent_statements_covered": 100.0, "percent_statements_covered_display": "100"}, "missing_lines": [], "excluded_lines": [], "start_line": 469}, "create_app.get_video_file": {"executed_lines": [477, 478, 479, 480, 481], "summary": {"covered_lines": 5, "num_statements": 5, "percent_covered": 100.0, "percent_covered_display": "100", "missing_lines": 0, "excluded_lines": 0, "percent_statements_covered": 100.0, "percent_statements_covered_display": "100"}, "missing_lines": [], "excluded_lines": [], "start_line": 476}, "create_app.delete_video": {"executed_lines": [491, 492, 493, 494, 495, 496], "summary": {"covered_lines": 6, "num_statements": 8, "percent_covered": 75.0, "percent_covered_display": "75", "missing_lines": 2, "excluded_lines": 0, "percent_statements_covered": 75.0, "percent_statements_covered_display": "75"}, "missing_lines": [497, 498], "excluded_lines": [], "start_line": 490}, "create_app.trigger_training": {"executed_lines": [502, 503, 504, 508], "summary": {"covered_lines": 4, "num_statements": 6, "percent_covered": 66.66666666666667, "percent_covered_display": "67", "missing_lines": 2, "excluded_lines": 0, "percent_statements_covered": 66.66666666666667, "percent_statements_covered_display": "67"}, "missing_lines": [509, 510], "excluded_lines": [], "start_line": 501}, "create_app.get_training": {"executed_lines": [520, 521, 522, 523], "summary": {"covered_lines": 4, "num_statements": 4, "percent_covered": 100.0, "percent_covered_display": "100", "missing_lines": 0, "excluded_lines": 0, "percent_statements_covered": 100.0, "percent_statements_covered_display": "100"}, "missing_lines": [], "excluded_lines": [], "start_line": 519}, "create_app.nightly_status": {"executed_lines": [527], "summary": {"covered_lines": 1, "num_statements": 1, "percent_covered": 100.0, "percent_covered_display": "100", "missing_lines": 0, "excluded_lines": 0, "percent_statements_covered": 100.0, "percent_statements_covered_display": "100"}, "missing_lines": [], "excluded_lines": [], "start_line": 526}, "create_app.get_audit_trail": {"executed_lines": [531, 532], "summary": {"covered_lines": 2, "num_statements": 2, "percent_covered": 100.0, "percent_covered_display": "100", "missing_lines": 0, "excluded_lines": 0, "percent_statements_covered": 100.0, "percent_statements_covered_display": "100"}, "missing_lines": [], "excluded_lines": [], "start_line": 530}, "create_app.export_audit_trail": {"executed_lines": [539, 540, 541, 542], "summary": {"covered_lines": 4, "num_statements": 6, "percent_covered": 66.66666666666667, "percent_covered_display": "67", "missing_lines": 2, "excluded_lines": 0, "percent_statements_covered": 66.66666666666667, "percent_statements_covered_display": "67"}, "missing_lines": [543, 544], "excluded_lines": [], "start_line": 535}, "create_app.get_audit_export_file": {"executed_lines": [554, 555, 556, 557], "summary": {"covered_lines": 4, "num_statements": 6, "percent_covered": 66.66666666666667, "percent_covered_display": "67", "missing_lines": 2, "excluded_lines": 0, "percent_statements_covered": 66.66666666666667, "percent_statements_covered_display": "67"}, "missing_lines": [562, 563], "excluded_lines": [], "start_line": 553}, "create_app.get_queue_metrics": {"executed_lines": [573, 574], "summary": {"covered_lines": 2, "num_statements": 2, "percent_covered": 100.0, "percent_covered_display": "100", "missing_lines": 0, "excluded_lines": 0, "percent_statements_covered": 100.0, "percent_statements_covered_display": "100"}, "missing_lines": [], "excluded_lines": [], "start_line": 572}, "create_app.prometheus_metrics": {"executed_lines": [579, 580, 582, 585, 586, 587], "summary": {"covered_lines": 6, "num_statements": 8, "percent_covered": 75.0, "percent_covered_display": "75", "missing_lines": 2, "excluded_lines": 0, "percent_statements_covered": 75.0, "percent_statements_covered_display": "75"}, "missing_lines": [591, 592], "excluded_lines": [], "start_line": 577}, "": {"executed_lines": [1, 3, 4, 5, 6, 7, 9, 10, 11, 13, 14, 15, 34, 35, 36, 38, 39, 40, 41, 53, 69, 73, 78, 84, 104, 112, 123, 144, 162, 178, 216, 262], "summary": {"covered_lines": 32, "num_statements": 32, "percent_covered": 100.0, "percent_covered_display": "100", "missing_lines": 0, "excluded_lines": 0, "percent_statements_covered": 100.0, "percent_statements_covered_display": "100"}, "missing_lines": [], "excluded_lines": [], "start_line": 1}}, "classes": {"": {"executed_lines": [1, 3, 4, 5, 6, 7, 9, 10, 11, 13, 14, 15, 34, 35, 36, 38, 39, 40, 41, 53, 60, 61, 62, 63, 64, 65, 66, 69, 70, 73, 74, 75, 78, 79, 80, 81, 84, 85, 86, 87, 88, 89, 90, 91, 92, 93, 94, 95, 96, 97, 98, 99, 100, 101, 104, 105, 106, 107, 108, 109, 112, 113, 114, 115, 116, 117, 123, 133, 134, 135, 136, 137, 138, 139, 140, 141, 144, 145, 146, 147, 148, 149, 150, 151, 152, 153, 154, 155, 156, 158, 159, 162, 163, 164, 165, 166, 167, 168, 169, 170, 171, 172, 173, 174, 175, 178, 189, 190, 191, 192, 193, 194, 195, 196, 198, 199, 200, 201, 202, 203, 204, 205, 207, 208, 209, 210, 211, 213, 216, 228, 229, 232, 233, 234, 235, 236, 240, 250, 251, 254, 255, 256, 262, 263, 264, 265, 267, 268, 270, 271, 272, 273, 275, 277, 278, 279, 282, 284, 286, 287, 288, 289, 290, 291, 293, 299, 300, 301, 305, 306, 307, 309, 319, 320, 325, 326, 327, 329, 330, 331, 332, 333, 336, 338, 339, 340, 342, 343, 344, 346, 348, 349, 358, 359, 371, 372, 380, 381, 393, 394, 395, 396, 397, 398, 400, 401, 402, 403, 404, 409, 410, 411, 419, 420, 421, 422, 423, 424, 426, 427, 428, 429, 430, 436, 437, 443, 444, 451, 452, 460, 461, 465, 466, 468, 469, 470, 471, 472, 473, 475, 476, 477, 478, 479, 480, 481, 489, 490, 491, 492, 493, 494, 495, 496, 500, 501, 502, 503, 504, 508, 518, 519, 520, 521, 522, 523, 525, 526, 527, 529, 530, 531, 532, 534, 535, 539, 540, 541, 542, 552, 553, 554, 555, 556, 557, 571, 572, 573, 574, 576, 577, 579, 580, 582, 585, 586, 587, 597], "summary": {"covered_lines": 298, "num_statements": 324, "percent_covered": 91.9753086419753, "percent_covered_display": "92", "missing_lines": 26, "excluded_lines": 0, "percent_statements_covered": 91.9753086419753, "percent_statements_covered_display": "92"}, "missing_lines": [230, 237, 238, 252, 253, 257, 258, 259, 334, 335, 345, 431, 432, 433, 434, 450, 497, 498, 509, 510, 543, 544, 562, 563, 591, 592], "excluded_lines": [], "start_line": 1}}}, "src\\sopilot\\audit_service.py": {"executed_lines": [1, 3, 4, 5, 6, 7, 8, 9, 11, 12, 13, 15, 18, 19, 20, 21, 23, 24, 26, 27, 28, 30, 31, 32, 33, 35, 36, 37, 43, 44, 45, 51, 52, 58, 59, 60, 61, 69, 70, 71, 72, 73, 74, 75, 76], "summary": {"covered_lines": 45, "num_statements": 45, "percent_covered": 100.0, "percent_covered_display": "100", "missing_lines": 0, "excluded_lines": 0, "percent_statements_covered": 100.0, "percent_statements_covered_display": "100"}, "missing_lines": [], "excluded_lines": [], "functions": {"AuditService.__init__": {"executed_lines": [20, 21], "summary": {"covered_lines": 2, "num_statements": 2, "percent_covered": 100.0, "percent_covered_display": "100", "missing_lines": 0, "excluded_lines": 0, "percent_statements_covered": 100.0, "percent_statements_covered_display": "100"}, "missing_lines": [], "excluded_lines": [], "start_line": 19}, "AuditService.get_audit_trail": {"executed_lines": [24], "summary": {"covered_lines": 1, "num_statements": 1, "percent_covered": 100.0, "percent_covered_display": "100", "missing_lines": 0, "excluded_lines": 0, "percent_statements_covered": 100.0, "percent_statements_covered_display": "100"}, "missing_lines": [], "excluded_lines": [], "start_line": 23}, "AuditService._canonical_json": {"executed_lines": [28], "summary": {"covered_lines": 1, "num_statements": 1, "percent_covered": 100.0, "percent_covered_display": "100", "missing_lines": 0, "excluded_lines": 0, "percent_statements_covered": 100.0, "percent_statements_covered_display": "100"}, "missing_lines": [], "excluded_lines": [], "start_line": 27}, "AuditService.export_signed_audit_trail": {"executed_lines": [31, 32, 33, 35, 36, 37, 43, 44, 45, 51, 52, 58, 59, 60, 61], "summary": {"covered_lines": 15, "num_statements": 15, "percent_covered": 100.0, "percent_covered_display": "100", "missing_lines": 0, "excluded_lines": 0, "percent_statements_covered": 100.0, "percent_statements_covered_display": "100"}, "missing_lines": [], "excluded_lines": [], "start_line": 30}, "AuditService.get_audit_export_path": {"executed_lines": [70, 71, 72, 73, 74, 75, 76], "summary": {"covered_lines": 7, "num_statements": 7, "percent_covered": 100.0, "percent_covered_display": "100", "missing_lines": 0, "excluded_lines": 0, "percent_statements_covered": 100.0, "percent_statements_covered_display": "100"}, "missing_lines": [], "excluded_lines": [], "start_line": 69}, "": {"executed_lines": [1, 3, 4, 5, 6, 7, 8, 9, 11, 12, 13, 15, 18, 19, 23, 26, 27, 30, 69], "summary": {"covered_lines": 19, "num_statements": 19, "percent_covered": 100.0, "percent_covered_display": "100", "missing_lines": 0, "excluded_lines": 0, "percent_statements_covered": 100.0, "percent_statements_covered_display": "100"}, "missing_lines": [], "excluded_lines": [], "start_line": 1}}, "classes": {"AuditService": {"executed_lines": [20, 21, 24, 28, 31, 32, 33, 35, 36, 37, 43, 44, 45, 51, 52, 58, 59, 60, 61, 70, 71, 72, 73, 74, 75, 76], "summary": {"covered_lines": 26, "num_statements": 26, "percent_covered": 100.0, "percent_covered_display": "100", "missing_lines": 0, "excluded_lines": 0, "percent_statements_covered": 100.0, "percent_statements_covered_display": "100"}, "missing_lines": [], "excluded_lines": [], "start_line": 18}, "": {"executed_lines": [1, 3, 4, 5, 6, 7, 8, 9, 11, 12, 13, 15, 18, 19, 23, 26, 27, 30, 69], "summary": {"covered_lines": 19, "num_statements": 19, "percent_covered": 100.0, "percent_covered_display": "100", "missing_lines": 0, "excluded_lines": 0, "percent_statements_covered": 100.0, "percent_statements_covered_display": "100"}, "missing_lines": [], "excluded_lines": [], "start_line": 1}}}, "src\\sopilot\\chunking_service.py": {"executed_lines": [15, 17, 18, 19, 20, 22, 24, 25, 27, 31, 34, 35, 39, 40, 43, 44, 45, 46, 47, 48, 51, 52, 53, 54, 56, 57, 66, 68, 78, 80, 90, 92, 105, 108, 109, 112, 113, 114, 115, 116, 117, 118, 121, 122, 125, 126, 127, 128, 129, 130, 131, 134, 137, 143, 145, 239, 297, 322, 323, 324, 326, 327, 330, 338, 341, 342, 345, 347, 358, 360, 361, 363, 379, 380, 382, 383, 384, 386, 387, 390, 391, 393], "summary": {"covered_lines": 82, "num_statements": 161, "percent_covered": 50.93167701863354, "percent_covered_display": "51", "missing_lines": 79, "excluded_lines": 0, "percent_statements_covered": 50.93167701863354, "percent_statements_covered_display": "51"}, "missing_lines": [28, 29, 166, 167, 169, 170, 171, 174, 177, 178, 179, 181, 182, 183, 184, 186, 187, 190, 193, 202, 211, 222, 223, 224, 225, 226, 227, 229, 255, 257, 259, 263, 264, 266, 267, 268, 269, 271, 272, 274, 275, 277, 278, 281, 283, 294, 295, 332, 333, 335, 339, 408, 409, 410, 411, 414, 415, 416, 418, 419, 420, 422, 424, 425, 426, 429, 430, 431, 432, 433, 435, 436, 437, 438, 441, 442, 443, 445, 446], "excluded_lines": [], "functions": {"ChunkConfig.for_domain": {"executed_lines": [66, 68, 78, 80, 90, 92, 105], "summary": {"covered_lines": 7, "num_statements": 7, "percent_covered": 100.0, "percent_covered_display": "100", "missing_lines": 0, "excluded_lines": 0, "percent_statements_covered": 100.0, "percent_statements_covered_display": "100"}, "missing_lines": [], "excluded_lines": [], "start_line": 57}, "ChunkingService.__init__": {"executed_lines": [143], "summary": {"covered_lines": 1, "num_statements": 1, "percent_covered": 100.0, "percent_covered_display": "100", "missing_lines": 0, "excluded_lines": 0, "percent_statements_covered": 100.0, "percent_statements_covered_display": "100"}, "missing_lines": [], "excluded_lines": [], "start_line": 137}, "ChunkingService.chunk_video": {"executed_lines": [], "summary": {"covered_lines": 0, "num_statements": 26, "percent_covered": 0.0, "percent_covered_display": "0", "missing_lines": 26, "excluded_lines": 0, "percent_statements_covered": 0.0, "percent_statements_covered_display": "0"}, "missing_lines": [166, 167, 169, 170, 171, 174, 177, 178, 179, 181, 182, 183, 184, 186, 187, 190, 193, 202, 211, 222, 223, 224, 225, 226, 227, 229], "excluded_lines": [], "start_line": 145}, "ChunkingService._detect_shots": {"executed_lines": [], "summary": {"covered_lines": 0, "num_statements": 19, "percent_covered": 0.0, "percent_covered_display": "0", "missing_lines": 19, "excluded_lines": 0, "percent_statements_covered": 0.0, "percent_statements_covered_display": "0"}, "missing_lines": [255, 257, 259, 263, 264, 266, 267, 268, 269, 271, 272, 274, 275, 277, 278, 281, 283, 294, 295], "excluded_lines": [], "start_line": 239}, "ChunkingService._generate_fixed_chunks": {"executed_lines": [322, 323, 324, 326, 327, 330, 338, 341, 342, 345, 347, 358, 360, 361], "summary": {"covered_lines": 14, "num_statements": 18, "percent_covered": 77.77777777777777, "percent_covered_display": "78", "missing_lines": 4, "excluded_lines": 0, "percent_statements_covered": 77.77777777777777, "percent_statements_covered_display": "78"}, "missing_lines": [332, 333, 335, 339], "excluded_lines": [], "start_line": 297}, "ChunkingService._distribute_keyframes": {"executed_lines": [379, 380, 382, 383, 384, 386, 387, 390, 391], "summary": {"covered_lines": 9, "num_statements": 9, "percent_covered": 100.0, "percent_covered_display": "100", "missing_lines": 0, "excluded_lines": 0, "percent_statements_covered": 100.0, "percent_statements_covered_display": "100"}, "missing_lines": [], "excluded_lines": [], "start_line": 363}, "ChunkingService._extract_keyframes": {"executed_lines": [], "summary": {"covered_lines": 0, "num_statements": 28, "percent_covered": 0.0, "percent_covered_display": "0", "missing_lines": 28, "excluded_lines": 0, "percent_statements_covered": 0.0, "percent_statements_covered_display": "0"}, "missing_lines": [408, 409, 410, 411, 414, 415, 416, 418, 419, 420, 422, 424, 425, 426, 429, 430, 431, 432, 433, 435, 436, 437, 438, 441, 442, 443, 445, 446], "excluded_lines": [], "start_line": 393}, "": {"executed_lines": [15, 17, 18, 19, 20, 22, 24, 25, 27, 31, 34, 35, 39, 40, 43, 44, 45, 46, 47, 48, 51, 52, 53, 54, 56, 57, 108, 109, 112, 113, 114, 115, 116, 117, 118, 121, 122, 125, 126, 127, 128, 129, 130, 131, 134, 137, 145, 239, 297, 363, 393], "summary": {"covered_lines": 51, "num_statements": 53, "percent_covered": 96.22641509433963, "percent_covered_display": "96", "missing_lines": 2, "excluded_lines": 0, "percent_statements_covered": 96.22641509433963, "percent_statements_covered_display": "96"}, "missing_lines": [28, 29], "excluded_lines": [], "start_line": 1}}, "classes": {"ChunkConfig": {"executed_lines": [66, 68, 78, 80, 90, 92, 105], "summary": {"covered_lines": 7, "num_statements": 7, "percent_covered": 100.0, "percent_covered_display": "100", "missing_lines": 0, "excluded_lines": 0, "percent_statements_covered": 100.0, "percent_statements_covered_display": "100"}, "missing_lines": [], "excluded_lines": [], "start_line": 35}, "Chunk": {"executed_lines": [], "summary": {"covered_lines": 0, "num_statements": 0, "percent_covered": 100.0, "percent_covered_display": "100", "missing_lines": 0, "excluded_lines": 0, "percent_statements_covered": 100.0, "percent_statements_covered_display": "100"}, "missing_lines": [], "excluded_lines": [], "start_line": 109}, "ChunkingResult": {"executed_lines": [], "summary": {"covered_lines": 0, "num_statements": 0, "percent_covered": 100.0, "percent_covered_display": "100", "missing_lines": 0, "excluded_lines": 0, "percent_statements_covered": 100.0, "percent_statements_covered_display": "100"}, "missing_lines": [], "excluded_lines": [], "start_line": 122}, "ChunkingService": {"executed_lines": [143, 322, 323, 324, 326, 327, 330, 338, 341, 342, 345, 347, 358, 360, 361, 379, 380, 382, 383, 384, 386, 387, 390, 391], "summary": {"covered_lines": 24, "num_statements": 101, "percent_covered": 23.762376237623762, "percent_covered_display": "24", "missing_lines": 77, "excluded_lines": 0, "percent_statements_covered": 23.762376237623762, "percent_statements_covered_display": "24"}, "missing_lines": [166, 167, 169, 170, 171, 174, 177, 178, 179, 181, 182, 183, 184, 186, 187, 190, 193, 202, 211, 222, 223, 224, 225, 226, 227, 229, 255, 257, 259, 263, 264, 266, 267, 268, 269, 271, 272, 274, 275, 277, 278, 281, 283, 294, 295, 332, 333, 335, 339, 408, 409, 410, 411, 414, 415, 416, 418, 419, 420, 422, 424, 425, 426, 429, 430, 431, 432, 433, 435, 436, 437, 438, 441, 442, 443, 445, 446], "excluded_lines": [], "start_line": 134}, "": {"executed_lines": [15, 17, 18, 19, 20, 22, 24, 25, 27, 31, 34, 35, 39, 40, 43, 44, 45, 46, 47, 48, 51, 52, 53, 54, 56, 57, 108, 109, 112, 113, 114, 115, 116, 117, 118, 121, 122, 125, 126, 127, 128, 129, 130, 131, 134, 137, 145, 239, 297, 363, 393], "summary": {"covered_lines": 51, "num_statements": 53, "percent_covered": 96.22641509433963, "percent_covered_display": "96", "missing_lines": 2, "excluded_lines": 0, "percent_statements_covered": 96.22641509433963, "percent_statements_covered_display": "96"}, "missing_lines": [28, 29], "excluded_lines": [], "start_line": 1}}}, "src\\sopilot\\config.py": {"executed_lines": [1, 3, 4, 5, 8, 9, 10, 11, 12, 13, 14, 15, 18, 19, 20, 21, 22, 23, 24, 25, 28, 29, 30, 31, 32, 33, 34, 35, 36, 37, 40, 41, 42, 43, 44, 47, 48, 49, 50, 51, 52, 53, 54, 55, 56, 57, 58, 59, 60, 61, 62, 63, 64, 65, 66, 67, 68, 69, 70, 71, 72, 73, 74, 75, 76, 77, 78, 79, 80, 81, 82, 83, 84, 85, 86, 87, 88, 89, 90, 91, 92, 93, 94, 95, 96, 97, 98, 99, 100, 101, 102, 103, 104, 105, 106, 107, 108, 109, 110, 111, 112, 113, 114, 115, 116, 117, 118, 119, 122, 123, 124, 125, 126, 127, 128, 129, 130, 131, 132, 133, 134, 135, 136, 138, 139, 140, 141, 142, 143, 144, 145, 146, 147, 148, 150, 151, 152, 154, 156, 157, 158, 159, 160, 161, 162, 163, 164, 165, 166, 167, 168, 169, 170, 171, 172, 173, 175, 177, 179, 181, 182, 185, 186, 187, 188, 189, 190, 191, 193], "summary": {"covered_lines": 169, "num_statements": 176, "percent_covered": 96.02272727272727, "percent_covered_display": "96", "missing_lines": 7, "excluded_lines": 0, "percent_statements_covered": 96.02272727272727, "percent_statements_covered_display": "96"}, "missing_lines": [149, 153, 155, 174, 176, 178, 180], "excluded_lines": [], "functions": {"_env_int": {"executed_lines": [9, 10, 11, 12, 13, 14, 15], "summary": {"covered_lines": 7, "num_statements": 7, "percent_covered": 100.0, "percent_covered_display": "100", "missing_lines": 0, "excluded_lines": 0, "percent_statements_covered": 100.0, "percent_statements_covered_display": "100"}, "missing_lines": [], "excluded_lines": [], "start_line": 8}, "_env_float": {"executed_lines": [19, 20, 21, 22, 23, 24, 25], "summary": {"covered_lines": 7, "num_statements": 7, "percent_covered": 100.0, "percent_covered_display": "100", "missing_lines": 0, "excluded_lines": 0, "percent_statements_covered": 100.0, "percent_statements_covered_display": "100"}, "missing_lines": [], "excluded_lines": [], "start_line": 18}, "_env_bool": {"executed_lines": [29, 30, 31, 32, 33, 34, 35, 36, 37], "summary": {"covered_lines": 9, "num_statements": 9, "percent_covered": 100.0, "percent_covered_display": "100", "missing_lines": 0, "excluded_lines": 0, "percent_statements_covered": 100.0, "percent_statements_covered_display": "100"}, "missing_lines": [], "excluded_lines": [], "start_line": 28}, "_env_str": {"executed_lines": [41, 42, 43, 44], "summary": {"covered_lines": 4, "num_statements": 4, "percent_covered": 100.0, "percent_covered_display": "100", "missing_lines": 0, "excluded_lines": 0, "percent_statements_covered": 100.0, "percent_statements_covered_display": "100"}, "missing_lines": [], "excluded_lines": [], "start_line": 40}, "Settings.__post_init__": {"executed_lines": [139, 140, 141, 142, 143, 144, 145, 146, 147, 148, 150, 151, 152, 154, 156, 157, 158, 159, 160, 161, 162, 163, 164, 165, 166, 167, 168, 169, 170, 171, 172, 173, 175, 177, 179, 181, 182], "summary": {"covered_lines": 37, "num_statements": 44, "percent_covered": 84.0909090909091, "percent_covered_display": "84", "missing_lines": 7, "excluded_lines": 0, "percent_statements_covered": 84.0909090909091, "percent_statements_covered_display": "84"}, "missing_lines": [149, 153, 155, 174, 176, 178, 180], "excluded_lines": [], "start_line": 138}, "get_settings": {"executed_lines": [186, 187, 188, 189, 190, 191, 193], "summary": {"covered_lines": 7, "num_statements": 7, "percent_covered": 100.0, "percent_covered_display": "100", "missing_lines": 0, "excluded_lines": 0, "percent_statements_covered": 100.0, "percent_statements_covered_display": "100"}, "missing_lines": [], "excluded_lines": [], "start_line": 185}, "": {"executed_lines": [1, 3, 4, 5, 8, 18, 28, 40, 47, 48, 49, 50, 51, 52, 53, 54, 55, 56, 57, 58, 59, 60, 61, 62, 63, 64, 65, 66, 67, 68, 69, 70, 71, 72, 73, 74, 75, 76, 77, 78, 79, 80, 81, 82, 83, 84, 85, 86, 87, 88, 89, 90, 91, 92, 93, 94, 95, 96, 97, 98, 99, 100, 101, 102, 103, 104, 105, 106, 107, 108, 109, 110, 111, 112, 113, 114, 115, 116, 117, 118, 119, 122, 123, 124, 125, 126, 127, 128, 129, 130, 131, 132, 133, 134, 135, 136, 138, 185], "summary": {"covered_lines": 98, "num_statements": 98, "percent_covered": 100.0, "percent_covered_display": "100", "missing_lines": 0, "excluded_lines": 0, "percent_statements_covered": 100.0, "percent_statements_covered_display": "100"}, "missing_lines": [], "excluded_lines": [], "start_line": 1}}, "classes": {"Settings": {"executed_lines": [139, 140, 141, 142, 143, 144, 145, 146, 147, 148, 150, 151, 152, 154, 156, 157, 158, 159, 160, 161, 162, 163, 164, 165, 166, 167, 168, 169, 170, 171, 172, 173, 175, 177, 179, 181, 182], "summary": {"covered_lines": 37, "num_statements": 44, "percent_covered": 84.0909090909091, "percent_covered_display": "84", "missing_lines": 7, "excluded_lines": 0, "percent_statements_covered": 84.0909090909091, "percent_statements_covered_display": "84"}, "missing_lines": [149, 153, 155, 174, 176, 178, 180], "excluded_lines": [], "start_line": 48}, "": {"executed_lines": [1, 3, 4, 5, 8, 9, 10, 11, 12, 13, 14, 15, 18, 19, 20, 21, 22, 23, 24, 25, 28, 29, 30, 31, 32, 33, 34, 35, 36, 37, 40, 41, 42, 43, 44, 47, 48, 49, 50, 51, 52, 53, 54, 55, 56, 57, 58, 59, 60, 61, 62, 63, 64, 65, 66, 67, 68, 69, 70, 71, 72, 73, 74, 75, 76, 77, 78, 79, 80, 81, 82, 83, 84, 85, 86, 87, 88, 89, 90, 91, 92, 93, 94, 95, 96, 97, 98, 99, 100, 101, 102, 103, 104, 105, 106, 107, 108, 109, 110, 111, 112, 113, 114, 115, 116, 117, 118, 119, 122, 123, 124, 125, 126, 127, 128, 129, 130, 131, 132, 133, 134, 135, 136, 138, 185, 186, 187, 188, 189, 190, 191, 193], "summary": {"covered_lines": 132, "num_statements": 132, "percent_covered": 100.0, "percent_covered_display": "100", "missing_lines": 0, "excluded_lines": 0, "percent_statements_covered": 100.0, "percent_statements_covered_display": "100"}, "missing_lines": [], "excluded_lines": [], "start_line": 1}}}, "src\\sopilot\\db.py": {"executed_lines": [1, 3, 4, 5, 6, 7, 8, 9, 12, 13, 14, 15, 16, 17, 18, 19, 20, 23, 26, 27, 28, 29, 30, 31, 32, 34, 35, 36, 38, 40, 41, 42, 43, 44, 45, 46, 47, 48, 49, 50, 53, 54, 55, 56, 75, 76, 78, 93, 121, 122, 123, 124, 126, 147, 148, 149, 150, 152, 170, 171, 172, 173, 174, 175, 176, 177, 178, 180, 181, 182, 183, 202, 203, 206, 215, 216, 217, 238, 244, 245, 246, 256, 257, 258, 259, 280, 281, 282, 283, 286, 298, 299, 300, 301, 302, 325, 328, 329, 330, 331, 332, 333, 334, 340, 341, 342, 343, 344, 345, 346, 352, 353, 354, 355, 356, 357, 360, 363, 373, 374, 375, 376, 402, 405, 408, 409, 410, 411, 412, 423, 434, 435, 436, 445, 446, 447, 462, 463, 477, 488, 489, 490, 493, 494, 497, 503, 504, 505, 506, 507, 516, 519, 522, 523, 524, 525, 526, 540, 543, 546, 547, 548, 549, 550, 551, 560, 563, 566, 573, 574, 575, 576, 586, 589, 592, 593, 594, 602, 605, 606, 607, 616, 617, 618, 621, 622, 623, 624, 625, 626, 627, 628, 629, 630, 631, 634, 635, 636, 637, 696, 697, 699, 700, 701, 708, 709, 710, 711, 712, 713, 714, 715, 716, 719, 725, 726], "summary": {"covered_lines": 216, "num_statements": 255, "percent_covered": 84.70588235294117, "percent_covered_display": "85", "missing_lines": 39, "excluded_lines": 0, "percent_statements_covered": 84.70588235294117, "percent_statements_covered_display": "85"}, "missing_lines": [51, 204, 236, 254, 278, 284, 326, 338, 350, 358, 361, 400, 403, 406, 432, 443, 460, 464, 465, 486, 491, 495, 517, 520, 538, 541, 544, 561, 564, 584, 587, 590, 603, 619, 632, 694, 698, 717, 727], "excluded_lines": [], "functions": {"Database.__init__": {"executed_lines": [28, 29, 30, 31, 32], "summary": {"covered_lines": 5, "num_statements": 5, "percent_covered": 100.0, "percent_covered_display": "100", "missing_lines": 0, "excluded_lines": 0, "percent_statements_covered": 100.0, "percent_statements_covered_display": "100"}, "missing_lines": [], "excluded_lines": [], "start_line": 27}, "Database._now": {"executed_lines": [36], "summary": {"covered_lines": 1, "num_statements": 1, "percent_covered": 100.0, "percent_covered_display": "100", "missing_lines": 0, "excluded_lines": 0, "percent_statements_covered": 100.0, "percent_statements_covered_display": "100"}, "missing_lines": [], "excluded_lines": [], "start_line": 35}, "Database._ensure_column": {"executed_lines": [41, 42, 43, 44, 45, 46, 47, 48, 49, 50], "summary": {"covered_lines": 10, "num_statements": 11, "percent_covered": 90.9090909090909, "percent_covered_display": "91", "missing_lines": 1, "excluded_lines": 0, "percent_statements_covered": 90.9090909090909, "percent_statements_covered_display": "91"}, "missing_lines": [51], "excluded_lines": [], "start_line": 40}, "Database._init_schema": {"executed_lines": [54, 55, 56, 75, 76, 78, 93, 121, 122, 123, 124, 126, 147, 148, 149, 150, 152, 170, 171, 172, 173, 174, 175, 176, 177, 178], "summary": {"covered_lines": 26, "num_statements": 26, "percent_covered": 100.0, "percent_covered_display": "100", "missing_lines": 0, "excluded_lines": 0, "percent_statements_covered": 100.0, "percent_statements_covered_display": "100"}, "missing_lines": [], "excluded_lines": [], "start_line": 53}, "Database.create_video": {"executed_lines": [181, 182, 183, 202, 203], "summary": {"covered_lines": 5, "num_statements": 6, "percent_covered": 83.33333333333333, "percent_covered_display": "83", "missing_lines": 1, "excluded_lines": 0, "percent_statements_covered": 83.33333333333333, "percent_statements_covered_display": "83"}, "missing_lines": [204], "excluded_lines": [], "start_line": 180}, "Database.finalize_video": {"executed_lines": [215, 216, 217], "summary": {"covered_lines": 3, "num_statements": 4, "percent_covered": 75.0, "percent_covered_display": "75", "missing_lines": 1, "excluded_lines": 0, "percent_statements_covered": 75.0, "percent_statements_covered_display": "75"}, "missing_lines": [236], "excluded_lines": [], "start_line": 206}, "Database.update_video_embedding": {"executed_lines": [244, 245, 246], "summary": {"covered_lines": 3, "num_statements": 4, "percent_covered": 75.0, "percent_covered_display": "75", "missing_lines": 1, "excluded_lines": 0, "percent_statements_covered": 75.0, "percent_statements_covered_display": "75"}, "missing_lines": [254], "excluded_lines": [], "start_line": 238}, "Database.add_clips": {"executed_lines": [257, 258, 259], "summary": {"covered_lines": 3, "num_statements": 4, "percent_covered": 75.0, "percent_covered_display": "75", "missing_lines": 1, "excluded_lines": 0, "percent_statements_covered": 75.0, "percent_statements_covered_display": "75"}, "missing_lines": [278], "excluded_lines": [], "start_line": 256}, "Database.get_video": {"executed_lines": [281, 282, 283], "summary": {"covered_lines": 3, "num_statements": 4, "percent_covered": 75.0, "percent_covered_display": "75", "missing_lines": 1, "excluded_lines": 0, "percent_statements_covered": 75.0, "percent_statements_covered_display": "75"}, "missing_lines": [284], "excluded_lines": [], "start_line": 280}, "Database.create_ingest_job": {"executed_lines": [298, 299, 300, 301, 302, 325], "summary": {"covered_lines": 6, "num_statements": 7, "percent_covered": 85.71428571428571, "percent_covered_display": "86", "missing_lines": 1, "excluded_lines": 0, "percent_statements_covered": 85.71428571428571, "percent_statements_covered_display": "86"}, "missing_lines": [326], "excluded_lines": [], "start_line": 286}, "Database._mark_job_running": {"executed_lines": [329, 330, 331, 332, 333, 334], "summary": {"covered_lines": 6, "num_statements": 7, "percent_covered": 85.71428571428571, "percent_covered_display": "86", "missing_lines": 1, "excluded_lines": 0, "percent_statements_covered": 85.71428571428571, "percent_statements_covered_display": "86"}, "missing_lines": [338], "excluded_lines": [], "start_line": 328}, "Database._fail_job": {"executed_lines": [341, 342, 343, 344, 345, 346], "summary": {"covered_lines": 6, "num_statements": 7, "percent_covered": 85.71428571428571, "percent_covered_display": "86", "missing_lines": 1, "excluded_lines": 0, "percent_statements_covered": 85.71428571428571, "percent_statements_covered_display": "86"}, "missing_lines": [350], "excluded_lines": [], "start_line": 340}, "Database._get_job": {"executed_lines": [353, 354, 355, 356, 357], "summary": {"covered_lines": 5, "num_statements": 6, "percent_covered": 83.33333333333333, "percent_covered_display": "83", "missing_lines": 1, "excluded_lines": 0, "percent_statements_covered": 83.33333333333333, "percent_statements_covered_display": "83"}, "missing_lines": [358], "excluded_lines": [], "start_line": 352}, "Database.mark_ingest_job_running": {"executed_lines": [], "summary": {"covered_lines": 0, "num_statements": 1, "percent_covered": 0.0, "percent_covered_display": "0", "missing_lines": 1, "excluded_lines": 0, "percent_statements_covered": 0.0, "percent_statements_covered_display": "0"}, "missing_lines": [361], "excluded_lines": [], "start_line": 360}, "Database.complete_ingest_job": {"executed_lines": [373, 374, 375, 376], "summary": {"covered_lines": 4, "num_statements": 5, "percent_covered": 80.0, "percent_covered_display": "80", "missing_lines": 1, "excluded_lines": 0, "percent_statements_covered": 80.0, "percent_statements_covered_display": "80"}, "missing_lines": [400], "excluded_lines": [], "start_line": 363}, "Database.fail_ingest_job": {"executed_lines": [], "summary": {"covered_lines": 0, "num_statements": 1, "percent_covered": 0.0, "percent_covered_display": "0", "missing_lines": 1, "excluded_lines": 0, "percent_statements_covered": 0.0, "percent_statements_covered_display": "0"}, "missing_lines": [403], "excluded_lines": [], "start_line": 402}, "Database.get_ingest_job": {"executed_lines": [], "summary": {"covered_lines": 0, "num_statements": 1, "percent_covered": 0.0, "percent_covered_display": "0", "missing_lines": 1, "excluded_lines": 0, "percent_statements_covered": 0.0, "percent_statements_covered_display": "0"}, "missing_lines": [406], "excluded_lines": [], "start_line": 405}, "Database.list_videos": {"executed_lines": [409, 410, 411, 412, 423], "summary": {"covered_lines": 5, "num_statements": 6, "percent_covered": 83.33333333333333, "percent_covered_display": "83", "missing_lines": 1, "excluded_lines": 0, "percent_statements_covered": 83.33333333333333, "percent_statements_covered_display": "83"}, "missing_lines": [432], "excluded_lines": [], "start_line": 408}, "Database.list_videos_with_artifacts": {"executed_lines": [435, 436], "summary": {"covered_lines": 2, "num_statements": 3, "percent_covered": 66.66666666666667, "percent_covered_display": "67", "missing_lines": 1, "excluded_lines": 0, "percent_statements_covered": 66.66666666666667, "percent_statements_covered_display": "67"}, "missing_lines": [443], "excluded_lines": [], "start_line": 434}, "Database.list_task_videos_with_artifacts": {"executed_lines": [446, 447], "summary": {"covered_lines": 2, "num_statements": 3, "percent_covered": 66.66666666666667, "percent_covered_display": "67", "missing_lines": 1, "excluded_lines": 0, "percent_statements_covered": 66.66666666666667, "percent_statements_covered_display": "67"}, "missing_lines": [460], "excluded_lines": [], "start_line": 445}, "Database.list_videos_for_training": {"executed_lines": [463, 477], "summary": {"covered_lines": 2, "num_statements": 5, "percent_covered": 40.0, "percent_covered_display": "40", "missing_lines": 3, "excluded_lines": 0, "percent_statements_covered": 40.0, "percent_statements_covered_display": "40"}, "missing_lines": [464, 465, 486], "excluded_lines": [], "start_line": 462}, "Database.count_videos_since": {"executed_lines": [489, 490, 493, 494], "summary": {"covered_lines": 4, "num_statements": 6, "percent_covered": 66.66666666666667, "percent_covered_display": "67", "missing_lines": 2, "excluded_lines": 0, "percent_statements_covered": 66.66666666666667, "percent_statements_covered_display": "67"}, "missing_lines": [491, 495], "excluded_lines": [], "start_line": 488}, "Database.create_score_job": {"executed_lines": [503, 504, 505, 506, 507, 516], "summary": {"covered_lines": 6, "num_statements": 7, "percent_covered": 85.71428571428571, "percent_covered_display": "86", "missing_lines": 1, "excluded_lines": 0, "percent_statements_covered": 85.71428571428571, "percent_statements_covered_display": "86"}, "missing_lines": [517], "excluded_lines": [], "start_line": 497}, "Database.mark_score_job_running": {"executed_lines": [], "summary": {"covered_lines": 0, "num_statements": 1, "percent_covered": 0.0, "percent_covered_display": "0", "missing_lines": 1, "excluded_lines": 0, "percent_statements_covered": 0.0, "percent_statements_covered_display": "0"}, "missing_lines": [520], "excluded_lines": [], "start_line": 519}, "Database.complete_score_job": {"executed_lines": [523, 524, 525, 526], "summary": {"covered_lines": 4, "num_statements": 5, "percent_covered": 80.0, "percent_covered_display": "80", "missing_lines": 1, "excluded_lines": 0, "percent_statements_covered": 80.0, "percent_statements_covered_display": "80"}, "missing_lines": [538], "excluded_lines": [], "start_line": 522}, "Database.fail_score_job": {"executed_lines": [], "summary": {"covered_lines": 0, "num_statements": 1, "percent_covered": 0.0, "percent_covered_display": "0", "missing_lines": 1, "excluded_lines": 0, "percent_statements_covered": 0.0, "percent_statements_covered_display": "0"}, "missing_lines": [541], "excluded_lines": [], "start_line": 540}, "Database.get_score_job": {"executed_lines": [], "summary": {"covered_lines": 0, "num_statements": 1, "percent_covered": 0.0, "percent_covered_display": "0", "missing_lines": 1, "excluded_lines": 0, "percent_statements_covered": 0.0, "percent_statements_covered_display": "0"}, "missing_lines": [544], "excluded_lines": [], "start_line": 543}, "Database.create_training_job": {"executed_lines": [547, 548, 549, 550, 551, 560], "summary": {"covered_lines": 6, "num_statements": 7, "percent_covered": 85.71428571428571, "percent_covered_display": "86", "missing_lines": 1, "excluded_lines": 0, "percent_statements_covered": 85.71428571428571, "percent_statements_covered_display": "86"}, "missing_lines": [561], "excluded_lines": [], "start_line": 546}, "Database.mark_training_job_running": {"executed_lines": [], "summary": {"covered_lines": 0, "num_statements": 1, "percent_covered": 0.0, "percent_covered_display": "0", "missing_lines": 1, "excluded_lines": 0, "percent_statements_covered": 0.0, "percent_statements_covered_display": "0"}, "missing_lines": [564], "excluded_lines": [], "start_line": 563}, "Database.complete_training_job": {"executed_lines": [573, 574, 575, 576], "summary": {"covered_lines": 4, "num_statements": 5, "percent_covered": 80.0, "percent_covered_display": "80", "missing_lines": 1, "excluded_lines": 0, "percent_statements_covered": 80.0, "percent_statements_covered_display": "80"}, "missing_lines": [584], "excluded_lines": [], "start_line": 566}, "Database.fail_training_job": {"executed_lines": [], "summary": {"covered_lines": 0, "num_statements": 1, "percent_covered": 0.0, "percent_covered_display": "0", "missing_lines": 1, "excluded_lines": 0, "percent_statements_covered": 0.0, "percent_statements_covered_display": "0"}, "missing_lines": [587], "excluded_lines": [], "start_line": 586}, "Database.get_training_job": {"executed_lines": [], "summary": {"covered_lines": 0, "num_statements": 1, "percent_covered": 0.0, "percent_covered_display": "0", "missing_lines": 1, "excluded_lines": 0, "percent_statements_covered": 0.0, "percent_statements_covered_display": "0"}, "missing_lines": [590], "excluded_lines": [], "start_line": 589}, "Database.has_active_training_job": {"executed_lines": [593, 594, 602], "summary": {"covered_lines": 3, "num_statements": 4, "percent_covered": 75.0, "percent_covered_display": "75", "missing_lines": 1, "excluded_lines": 0, "percent_statements_covered": 75.0, "percent_statements_covered_display": "75"}, "missing_lines": [603], "excluded_lines": [], "start_line": 592}, "Database.latest_training_finished_at": {"executed_lines": [606, 607, 616, 617, 618], "summary": {"covered_lines": 5, "num_statements": 6, "percent_covered": 83.33333333333333, "percent_covered_display": "83", "missing_lines": 1, "excluded_lines": 0, "percent_statements_covered": 83.33333333333333, "percent_statements_covered_display": "83"}, "missing_lines": [619], "excluded_lines": [], "start_line": 605}, "Database.delete_video": {"executed_lines": [622, 623, 624, 625, 626, 627, 628, 629, 630, 631], "summary": {"covered_lines": 10, "num_statements": 11, "percent_covered": 90.9090909090909, "percent_covered_display": "91", "missing_lines": 1, "excluded_lines": 0, "percent_statements_covered": 90.9090909090909, "percent_statements_covered_display": "91"}, "missing_lines": [632], "excluded_lines": [], "start_line": 621}, "Database.list_audit_trail": {"executed_lines": [635, 636, 637], "summary": {"covered_lines": 3, "num_statements": 4, "percent_covered": 75.0, "percent_covered_display": "75", "missing_lines": 1, "excluded_lines": 0, "percent_statements_covered": 75.0, "percent_statements_covered_display": "75"}, "missing_lines": [694], "excluded_lines": [], "start_line": 634}, "Database.job_status_counts": {"executed_lines": [697, 719], "summary": {"covered_lines": 2, "num_statements": 2, "percent_covered": 100.0, "percent_covered_display": "100", "missing_lines": 0, "excluded_lines": 0, "percent_statements_covered": 100.0, "percent_statements_covered_display": "100"}, "missing_lines": [], "excluded_lines": [], "start_line": 696}, "Database.job_status_counts._counts": {"executed_lines": [699, 700, 701, 708, 709, 710, 711, 712, 713, 714, 715, 716], "summary": {"covered_lines": 12, "num_statements": 14, "percent_covered": 85.71428571428571, "percent_covered_display": "86", "missing_lines": 2, "excluded_lines": 0, "percent_statements_covered": 85.71428571428571, "percent_statements_covered_display": "86"}, "missing_lines": [698, 717], "excluded_lines": [], "start_line": 697}, "Database.close": {"executed_lines": [726], "summary": {"covered_lines": 1, "num_statements": 2, "percent_covered": 50.0, "percent_covered_display": "50", "missing_lines": 1, "excluded_lines": 0, "percent_statements_covered": 50.0, "percent_statements_covered_display": "50"}, "missing_lines": [727], "excluded_lines": [], "start_line": 725}, "": {"executed_lines": [1, 3, 4, 5, 6, 7, 8, 9, 12, 13, 14, 15, 16, 17, 18, 19, 20, 23, 26, 27, 34, 35, 38, 40, 53, 180, 206, 238, 256, 280, 286, 328, 340, 352, 360, 363, 402, 405, 408, 434, 445, 462, 488, 497, 519, 522, 540, 543, 546, 563, 566, 586, 589, 592, 605, 621, 634, 696, 725], "summary": {"covered_lines": 59, "num_statements": 59, "percent_covered": 100.0, "percent_covered_display": "100", "missing_lines": 0, "excluded_lines": 0, "percent_statements_covered": 100.0, "percent_statements_covered_display": "100"}, "missing_lines": [], "excluded_lines": [], "start_line": 1}}, "classes": {"VideoCreateInput": {"executed_lines": [], "summary": {"covered_lines": 0, "num_statements": 0, "percent_covered": 100.0, "percent_covered_display": "100", "missing_lines": 0, "excluded_lines": 0, "percent_statements_covered": 100.0, "percent_statements_covered_display": "100"}, "missing_lines": [], "excluded_lines": [], "start_line": 13}, "Database": {"executed_lines": [28, 29, 30, 31, 32, 36, 41, 42, 43, 44, 45, 46, 47, 48, 49, 50, 54, 55, 56, 75, 76, 78, 93, 121, 122, 123, 124, 126, 147, 148, 149, 150, 152, 170, 171, 172, 173, 174, 175, 176, 177, 178, 181, 182, 183, 202, 203, 215, 216, 217, 244, 245, 246, 257, 258, 259, 281, 282, 283, 298, 299, 300, 301, 302, 325, 329, 330, 331, 332, 333, 334, 341, 342, 343, 344, 345, 346, 353, 354, 355, 356, 357, 373, 374, 375, 376, 409, 410, 411, 412, 423, 435, 436, 446, 447, 463, 477, 489, 490, 493, 494, 503, 504, 505, 506, 507, 516, 523, 524, 525, 526, 547, 548, 549, 550, 551, 560, 573, 574, 575, 576, 593, 594, 602, 606, 607, 616, 617, 618, 622, 623, 624, 625, 626, 627, 628, 629, 630, 631, 635, 636, 637, 697, 699, 700, 701, 708, 709, 710, 711, 712, 713, 714, 715, 716, 719, 726], "summary": {"covered_lines": 157, "num_statements": 196, "percent_covered": 80.10204081632654, "percent_covered_display": "80", "missing_lines": 39, "excluded_lines": 0, "percent_statements_covered": 80.10204081632654, "percent_statements_covered_display": "80"}, "missing_lines": [51, 204, 236, 254, 278, 284, 326, 338, 350, 358, 361, 400, 403, 406, 432, 443, 460, 464, 465, 486, 491, 495, 517, 520, 538, 541, 544, 561, 564, 584, 587, 590, 603, 619, 632, 694, 698, 717, 727], "excluded_lines": [], "start_line": 26}, "": {"executed_lines": [1, 3, 4, 5, 6, 7, 8, 9, 12, 13, 14, 15, 16, 17, 18, 19, 20, 23, 26, 27, 34, 35, 38, 40, 53, 180, 206, 238, 256, 280, 286, 328, 340, 352, 360, 363, 402, 405, 408, 434, 445, 462, 488, 497, 519, 522, 540, 543, 546, 563, 566, 586, 589, 592, 605, 621, 634, 696, 725], "summary": {"covered_lines": 59, "num_statements": 59, "percent_covered": 100.0, "percent_covered_display": "100", "missing_lines": 0, "excluded_lines": 0, "percent_statements_covered": 100.0, "percent_statements_covered_display": "100"}, "missing_lines": [], "excluded_lines": [], "start_line": 1}}}, "src\\sopilot\\dtw_gpu.py": {"executed_lines": [14, 16, 17, 18, 20, 25, 28, 29, 31, 37, 38, 39, 40, 41, 44, 55, 58, 61, 62, 66, 137, 149, 150, 151, 152, 153, 155, 157, 160, 162, 165, 167, 169, 171, 172, 173, 179, 181, 184, 185, 186, 187], "summary": {"covered_lines": 42, "num_statements": 93, "percent_covered": 45.16129032258065, "percent_covered_display": "45", "missing_lines": 51, "excluded_lines": 2, "percent_statements_covered": 45.16129032258065, "percent_statements_covered_display": "45"}, "missing_lines": [32, 33, 34, 56, 67, 70, 71, 74, 78, 79, 80, 81, 82, 84, 85, 88, 89, 90, 93, 94, 97, 100, 101, 104, 105, 106, 108, 109, 110, 111, 112, 113, 114, 115, 117, 118, 119, 120, 123, 124, 127, 130, 132, 134, 168, 174, 175, 176, 182, 194, 195], "excluded_lines": [22, 23], "functions": {"_dtw_align_gpu": {"executed_lines": [55, 58, 61, 62, 66], "summary": {"covered_lines": 5, "num_statements": 46, "percent_covered": 10.869565217391305, "percent_covered_display": "11", "missing_lines": 41, "excluded_lines": 0, "percent_statements_covered": 10.869565217391305, "percent_statements_covered_display": "11"}, "missing_lines": [56, 67, 70, 71, 74, 78, 79, 80, 81, 82, 84, 85, 88, 89, 90, 93, 94, 97, 100, 101, 104, 105, 106, 108, 109, 110, 111, 112, 113, 114, 115, 117, 118, 119, 120, 123, 124, 127, 130, 132, 134], "excluded_lines": [], "start_line": 44}, "dtw_align_auto": {"executed_lines": [149, 150, 151, 152, 153, 155, 157, 160, 162], "summary": {"covered_lines": 9, "num_statements": 9, "percent_covered": 100.0, "percent_covered_display": "100", "missing_lines": 0, "excluded_lines": 0, "percent_statements_covered": 100.0, "percent_statements_covered_display": "100"}, "missing_lines": [], "excluded_lines": [], "start_line": 137}, "is_gpu_available": {"executed_lines": [167, 169, 171, 172, 173], "summary": {"covered_lines": 5, "num_statements": 9, "percent_covered": 55.55555555555556, "percent_covered_display": "56", "missing_lines": 4, "excluded_lines": 0, "percent_statements_covered": 55.55555555555556, "percent_statements_covered_display": "56"}, "missing_lines": [168, 174, 175, 176], "excluded_lines": [], "start_line": 165}, "get_gpu_info": {"executed_lines": [181, 184, 185, 186, 187], "summary": {"covered_lines": 5, "num_statements": 8, "percent_covered": 62.5, "percent_covered_display": "62", "missing_lines": 3, "excluded_lines": 0, "percent_statements_covered": 62.5, "percent_statements_covered_display": "62"}, "missing_lines": [182, 194, 195], "excluded_lines": [], "start_line": 179}, "": {"executed_lines": [14, 16, 17, 18, 20, 25, 28, 29, 31, 37, 38, 39, 40, 41, 44, 137, 165, 179], "summary": {"covered_lines": 18, "num_statements": 21, "percent_covered": 85.71428571428571, "percent_covered_display": "86", "missing_lines": 3, "excluded_lines": 2, "percent_statements_covered": 85.71428571428571, "percent_statements_covered_display": "86"}, "missing_lines": [32, 33, 34], "excluded_lines": [22, 23], "start_line": 1}}, "classes": {"DtwAlignment": {"executed_lines": [], "summary": {"covered_lines": 0, "num_statements": 0, "percent_covered": 100.0, "percent_covered_display": "100", "missing_lines": 0, "excluded_lines": 0, "percent_statements_covered": 100.0, "percent_statements_covered_display": "100"}, "missing_lines": [], "excluded_lines": [], "start_line": 38}, "": {"executed_lines": [14, 16, 17, 18, 20, 25, 28, 29, 31, 37, 38, 39, 40, 41, 44, 55, 58, 61, 62, 66, 137, 149, 150, 151, 152, 153, 155, 157, 160, 162, 165, 167, 169, 171, 172, 173, 179, 181, 184, 185, 186, 187], "summary": {"covered_lines": 42, "num_statements": 93, "percent_covered": 45.16129032258065, "percent_covered_display": "45", "missing_lines": 51, "excluded_lines": 2, "percent_statements_covered": 45.16129032258065, "percent_statements_covered_display": "45"}, "missing_lines": [32, 33, 34, 56, 67, 70, 71, 74, 78, 79, 80, 81, 82, 84, 85, 88, 89, 90, 93, 94, 97, 100, 101, 104, 105, 106, 108, 109, 110, 111, 112, 113, 114, 115, 117, 118, 119, 120, 123, 124, 127, 130, 132, 134, 168, 174, 175, 176, 182, 194, 195], "excluded_lines": [22, 23], "start_line": 1}}}, "src\\sopilot\\embedding_manager.py": {"executed_lines": [1, 3, 4, 5, 6, 8, 10, 11, 13, 18, 21, 29, 30, 31, 32, 33, 34, 35, 36, 37, 39, 40, 41, 45, 46, 47, 48, 50, 51, 52, 53, 54, 55, 56, 57, 58, 59, 60, 63, 64, 65, 67, 68, 69, 70, 71, 72, 74, 75, 78, 84, 85, 86, 87, 88, 89, 90, 91, 93, 114, 135, 147, 148, 149, 150, 151, 152], "summary": {"covered_lines": 67, "num_statements": 113, "percent_covered": 59.29203539823009, "percent_covered_display": "59", "missing_lines": 46, "excluded_lines": 0, "percent_statements_covered": 59.29203539823009, "percent_statements_covered_display": "59"}, "missing_lines": [14, 15, 42, 43, 61, 79, 80, 81, 98, 99, 100, 101, 102, 104, 105, 106, 107, 108, 109, 110, 111, 112, 116, 117, 118, 120, 121, 122, 123, 124, 126, 127, 128, 129, 130, 131, 132, 133, 137, 138, 139, 140, 142, 143, 144, 145], "excluded_lines": [], "functions": {"EmbeddingManager.__init__": {"executed_lines": [30, 31, 32, 33, 34, 35, 36, 37], "summary": {"covered_lines": 8, "num_statements": 8, "percent_covered": 100.0, "percent_covered_display": "100", "missing_lines": 0, "excluded_lines": 0, "percent_statements_covered": 100.0, "percent_statements_covered_display": "100"}, "missing_lines": [], "excluded_lines": [], "start_line": 29}, "EmbeddingManager.active_model_name": {"executed_lines": [40, 41], "summary": {"covered_lines": 2, "num_statements": 4, "percent_covered": 50.0, "percent_covered_display": "50", "missing_lines": 2, "excluded_lines": 0, "percent_statements_covered": 50.0, "percent_statements_covered_display": "50"}, "missing_lines": [42, 43], "excluded_lines": [], "start_line": 39}, "EmbeddingManager.embed_batch": {"executed_lines": [46, 47, 48], "summary": {"covered_lines": 3, "num_statements": 3, "percent_covered": 100.0, "percent_covered_display": "100", "missing_lines": 0, "excluded_lines": 0, "percent_statements_covered": 100.0, "percent_statements_covered_display": "100"}, "missing_lines": [], "excluded_lines": [], "start_line": 45}, "EmbeddingManager.load_adapter": {"executed_lines": [51, 52, 53, 54, 55, 56, 57, 58, 59, 60, 63, 64, 65, 67, 68, 69, 70, 71, 72], "summary": {"covered_lines": 19, "num_statements": 20, "percent_covered": 95.0, "percent_covered_display": "95", "missing_lines": 1, "excluded_lines": 0, "percent_statements_covered": 95.0, "percent_statements_covered_display": "95"}, "missing_lines": [61], "excluded_lines": [], "start_line": 50}, "EmbeddingManager.apply_adapter": {"executed_lines": [75, 78, 84, 85, 86, 87, 88, 89, 90, 91], "summary": {"covered_lines": 10, "num_statements": 13, "percent_covered": 76.92307692307692, "percent_covered_display": "77", "missing_lines": 3, "excluded_lines": 0, "percent_statements_covered": 76.92307692307692, "percent_statements_covered_display": "77"}, "missing_lines": [79, 80, 81], "excluded_lines": [], "start_line": 74}, "EmbeddingManager._apply_neural_adapter": {"executed_lines": [], "summary": {"covered_lines": 0, "num_statements": 14, "percent_covered": 0.0, "percent_covered_display": "0", "missing_lines": 14, "excluded_lines": 0, "percent_statements_covered": 0.0, "percent_statements_covered_display": "0"}, "missing_lines": [98, 99, 100, 101, 102, 104, 105, 106, 107, 108, 109, 110, 111, 112], "excluded_lines": [], "start_line": 93}, "EmbeddingManager._load_neural_adapter": {"executed_lines": [], "summary": {"covered_lines": 0, "num_statements": 16, "percent_covered": 0.0, "percent_covered_display": "0", "missing_lines": 16, "excluded_lines": 0, "percent_statements_covered": 0.0, "percent_statements_covered_display": "0"}, "missing_lines": [116, 117, 118, 120, 121, 122, 123, 124, 126, 127, 128, 129, 130, 131, 132, 133], "excluded_lines": [], "start_line": 114}, "EmbeddingManager._resolve_neural_device": {"executed_lines": [], "summary": {"covered_lines": 0, "num_statements": 8, "percent_covered": 0.0, "percent_covered_display": "0", "missing_lines": 8, "excluded_lines": 0, "percent_statements_covered": 0.0, "percent_statements_covered_display": "0"}, "missing_lines": [137, 138, 139, 140, 142, 143, 144, 145], "excluded_lines": [], "start_line": 135}, "EmbeddingManager.invalidate_cache": {"executed_lines": [148, 149, 150, 151, 152], "summary": {"covered_lines": 5, "num_statements": 5, "percent_covered": 100.0, "percent_covered_display": "100", "missing_lines": 0, "excluded_lines": 0, "percent_statements_covered": 100.0, "percent_statements_covered_display": "100"}, "missing_lines": [], "excluded_lines": [], "start_line": 147}, "": {"executed_lines": [1, 3, 4, 5, 6, 8, 10, 11, 13, 18, 21, 29, 39, 45, 50, 74, 93, 114, 135, 147], "summary": {"covered_lines": 20, "num_statements": 22, "percent_covered": 90.9090909090909, "percent_covered_display": "91", "missing_lines": 2, "excluded_lines": 0, "percent_statements_covered": 90.9090909090909, "percent_statements_covered_display": "91"}, "missing_lines": [14, 15], "excluded_lines": [], "start_line": 1}}, "classes": {"EmbeddingManager": {"executed_lines": [30, 31, 32, 33, 34, 35, 36, 37, 40, 41, 46, 47, 48, 51, 52, 53, 54, 55, 56, 57, 58, 59, 60, 63, 64, 65, 67, 68, 69, 70, 71, 72, 75, 78, 84, 85, 86, 87, 88, 89, 90, 91, 148, 149, 150, 151, 152], "summary": {"covered_lines": 47, "num_statements": 91, "percent_covered": 51.64835164835165, "percent_covered_display": "52", "missing_lines": 44, "excluded_lines": 0, "percent_statements_covered": 51.64835164835165, "percent_statements_covered_display": "52"}, "missing_lines": [42, 43, 61, 79, 80, 81, 98, 99, 100, 101, 102, 104, 105, 106, 107, 108, 109, 110, 111, 112, 116, 117, 118, 120, 121, 122, 123, 124, 126, 127, 128, 129, 130, 131, 132, 133, 137, 138, 139, 140, 142, 143, 144, 145], "excluded_lines": [], "start_line": 21}, "": {"executed_lines": [1, 3, 4, 5, 6, 8, 10, 11, 13, 18, 21, 29, 39, 45, 50, 74, 93, 114, 135, 147], "summary": {"covered_lines": 20, "num_statements": 22, "percent_covered": 90.9090909090909, "percent_covered_display": "91", "missing_lines": 2, "excluded_lines": 0, "percent_statements_covered": 90.9090909090909, "percent_statements_covered_display": "91"}, "missing_lines": [14, 15], "excluded_lines": [], "start_line": 1}}}, "src\\sopilot\\embeddings.py": {"executed_lines": [1, 3, 4, 5, 6, 7, 9, 10, 12, 13, 19, 22, 23, 24, 25, 26, 29, 32, 33, 40, 41, 42, 43, 45, 46, 47, 48, 50, 51, 52, 54, 55, 57, 58, 59, 61, 63, 64, 65, 66, 67, 69, 70, 71, 77, 78, 82, 83, 84, 85, 86, 87, 88, 89, 91, 105, 107, 108, 109, 111, 112, 115, 134, 148, 149, 150, 151, 152, 153, 154, 155, 156, 157, 159, 160, 161, 162, 163, 164, 165, 167, 168, 169, 170, 172, 173, 174, 175, 176, 177, 178, 180, 198, 229, 230, 232, 233, 234, 236, 237, 239, 240, 241, 242, 246, 247, 248, 257, 266, 305, 306, 307, 308, 309, 310, 311, 312, 313, 315, 341, 342, 344, 345, 346, 347, 349, 351, 352, 353, 354, 355, 356, 358, 359, 361, 362, 363, 365, 398, 399, 402, 403, 405, 406, 407, 408, 409, 410, 412, 413, 414, 415, 416, 417, 418, 419, 420, 421, 422, 423, 424, 431, 432, 433, 434, 437, 438, 439, 441, 442, 444, 457, 458, 459, 460, 461, 462, 464], "summary": {"covered_lines": 178, "num_statements": 266, "percent_covered": 66.9172932330827, "percent_covered_display": "67", "missing_lines": 88, "excluded_lines": 16, "percent_statements_covered": 66.9172932330827, "percent_statements_covered_display": "67"}, "missing_lines": [181, 182, 183, 184, 185, 186, 187, 188, 189, 190, 192, 193, 194, 195, 196, 200, 201, 203, 204, 206, 208, 209, 213, 214, 215, 216, 218, 220, 221, 224, 225, 226, 227, 231, 244, 249, 250, 258, 259, 268, 269, 271, 273, 274, 277, 278, 279, 280, 281, 282, 283, 284, 286, 289, 291, 316, 317, 319, 320, 323, 324, 327, 328, 334, 335, 336, 338, 339, 366, 367, 370, 372, 373, 374, 377, 378, 381, 382, 384, 386, 387, 388, 389, 391, 392, 393, 395, 396], "excluded_lines": [15, 16, 34, 35, 36, 37, 38, 39, 301, 302, 303, 425, 426, 427, 428, 429], "functions": {"_l2_normalize": {"executed_lines": [23, 24, 25, 26], "summary": {"covered_lines": 4, "num_statements": 4, "percent_covered": 100.0, "percent_covered_display": "100", "missing_lines": 0, "excluded_lines": 0, "percent_statements_covered": 100.0, "percent_statements_covered_display": "100"}, "missing_lines": [], "excluded_lines": [], "start_line": 22}, "ClipEmbedder.embed_clips": {"executed_lines": [], "summary": {"covered_lines": 0, "num_statements": 0, "percent_covered": 100.0, "percent_covered_display": "100", "missing_lines": 0, "excluded_lines": 1, "percent_statements_covered": 100.0, "percent_statements_covered_display": "100"}, "missing_lines": [], "excluded_lines": [35], "start_line": 35}, "ClipEmbedder.active_name": {"executed_lines": [], "summary": {"covered_lines": 0, "num_statements": 0, "percent_covered": 100.0, "percent_covered_display": "100", "missing_lines": 0, "excluded_lines": 1, "percent_statements_covered": 100.0, "percent_statements_covered_display": "100"}, "missing_lines": [], "excluded_lines": [37], "start_line": 37}, "HeuristicClipEmbedder.embed_clip": {"executed_lines": [46, 47, 48, 50, 51, 52, 54, 55, 57, 58, 59, 61, 63, 64, 65, 66, 67, 69, 70, 71, 77, 78, 82, 83, 84, 85, 86, 87, 88, 89, 91, 105], "summary": {"covered_lines": 32, "num_statements": 32, "percent_covered": 100.0, "percent_covered_display": "100", "missing_lines": 0, "excluded_lines": 0, "percent_statements_covered": 100.0, "percent_statements_covered_display": "100"}, "missing_lines": [], "excluded_lines": [], "start_line": 45}, "HeuristicClipEmbedder.embed_clips": {"executed_lines": [108, 109], "summary": {"covered_lines": 2, "num_statements": 2, "percent_covered": 100.0, "percent_covered_display": "100", "missing_lines": 0, "excluded_lines": 0, "percent_statements_covered": 100.0, "percent_statements_covered_display": "100"}, "missing_lines": [], "excluded_lines": [], "start_line": 107}, "HeuristicClipEmbedder.active_name": {"executed_lines": [112], "summary": {"covered_lines": 1, "num_statements": 1, "percent_covered": 100.0, "percent_covered_display": "100", "missing_lines": 0, "excluded_lines": 0, "percent_statements_covered": 100.0, "percent_statements_covered_display": "100"}, "missing_lines": [], "excluded_lines": [], "start_line": 111}, "VJepa2Embedder.__init__": {"executed_lines": [148, 149, 150, 151, 152, 153, 154, 155, 156, 157, 159, 160, 161, 162, 163, 164, 165], "summary": {"covered_lines": 17, "num_statements": 17, "percent_covered": 100.0, "percent_covered_display": "100", "missing_lines": 0, "excluded_lines": 0, "percent_statements_covered": 100.0, "percent_statements_covered_display": "100"}, "missing_lines": [], "excluded_lines": [], "start_line": 134}, "VJepa2Embedder._resolve_device": {"executed_lines": [168, 169, 170], "summary": {"covered_lines": 3, "num_statements": 3, "percent_covered": 100.0, "percent_covered_display": "100", "missing_lines": 0, "excluded_lines": 0, "percent_statements_covered": 100.0, "percent_statements_covered_display": "100"}, "missing_lines": [], "excluded_lines": [], "start_line": 167}, "VJepa2Embedder._clean_backbone_key"
[...]
s._encode_level": {"executed_lines": [338, 339, 341, 342, 343, 344, 345, 346, 347, 348, 350, 351, 352, 353, 355, 356, 364, 365, 366, 367, 368, 373, 375], "summary": {"covered_lines": 23, "num_statements": 23, "percent_covered": 100.0, "percent_covered_display": "100", "missing_lines": 0, "excluded_lines": 0, "percent_statements_covered": 100.0, "percent_statements_covered_display": "100"}, "missing_lines": [], "excluded_lines": [], "start_line": 336}, "create_video_record": {"executed_lines": [], "summary": {"covered_lines": 0, "num_statements": 9, "percent_covered": 0.0, "percent_covered_display": "0", "missing_lines": 9, "excluded_lines": 0, "percent_statements_covered": 0.0, "percent_statements_covered_display": "0"}, "missing_lines": [424, 425, 426, 429, 432, 433, 434, 435, 437], "excluded_lines": [], "start_line": 391}, "": {"executed_lines": [9, 11, 12, 13, 14, 15, 17, 18, 26, 29, 46, 78, 112, 142, 281, 391], "summary": {"covered_lines": 16, "num_statements": 16, "percent_covered": 100.0, "percent_covered_display": "100", "missing_lines": 0, "excluded_lines": 5, "percent_statements_covered": 100.0, "percent_statements_covered_display": "100"}, "missing_lines": [], "excluded_lines": [20, 21, 22, 23, 24], "start_line": 1}}, "classes": {"": {"executed_lines": [9, 11, 12, 13, 14, 15, 17, 18, 26, 29, 41, 43, 46, 78, 94, 95, 96, 100, 112, 127, 128, 130, 139, 142, 172, 174, 175, 184, 185, 186, 187, 188, 189, 190, 191, 193, 194, 196, 197, 200, 201, 202, 203, 204, 205, 206, 207, 209, 210, 211, 212, 215, 216, 217, 222, 223, 225, 226, 233, 234, 235, 237, 239, 243, 244, 246, 247, 252, 255, 256, 257, 258, 259, 261, 262, 264, 265, 270, 272, 281, 315, 318, 329, 330, 332, 333, 336, 338, 339, 341, 342, 343, 344, 345, 346, 347, 348, 350, 351, 352, 353, 355, 356, 364, 365, 366, 367, 368, 373, 375, 377, 378, 380, 382, 391], "summary": {"covered_lines": 115, "num_statements": 138, "percent_covered": 83.33333333333333, "percent_covered_display": "83", "missing_lines": 23, "excluded_lines": 5, "percent_statements_covered": 83.33333333333333, "percent_statements_covered_display": "83"}, "missing_lines": [58, 59, 60, 62, 63, 64, 65, 66, 68, 70, 198, 240, 241, 334, 424, 425, 426, 429, 432, 433, 434, 435, 437], "excluded_lines": [20, 21, 22, 23, 24], "start_line": 1}}}, "src\\sopilot\\vigil_router.py": {"executed_lines": [12, 14, 15, 17, 18, 20, 22, 30, 31, 32, 33, 34, 35, 38, 39, 40, 41, 42, 43, 44, 47, 48, 49, 50, 51, 52, 55, 56, 57, 58, 59, 60, 61, 64, 65, 66, 67, 70, 71, 72, 73, 74, 75, 78, 79, 80, 81, 82, 83, 84, 85, 88, 89, 90, 91, 92, 93, 96, 97, 98, 99, 100, 101, 102, 109, 114, 116, 154, 167, 168, 170, 171, 172, 174, 175, 177, 178, 179, 226, 227, 229, 230, 231, 233, 234, 303, 304, 306, 307, 309, 310, 311, 313, 314, 317, 324, 337, 349, 350, 352, 353, 355, 356, 357, 358, 360], "summary": {"covered_lines": 106, "num_statements": 183, "percent_covered": 57.923497267759565, "percent_covered_display": "58", "missing_lines": 77, "excluded_lines": 0, "percent_statements_covered": 57.923497267759565, "percent_statements_covered_display": "58"}, "missing_lines": [117, 118, 119, 121, 122, 124, 125, 127, 130, 131, 132, 133, 135, 136, 137, 138, 140, 147, 148, 149, 150, 151, 152, 182, 183, 184, 185, 187, 188, 190, 192, 193, 194, 195, 196, 198, 199, 200, 205, 206, 211, 213, 221, 222, 223, 236, 237, 239, 242, 250, 251, 252, 253, 260, 261, 262, 263, 265, 266, 267, 268, 269, 270, 271, 272, 281, 282, 283, 285, 296, 298, 299, 300, 315, 344, 345, 346], "excluded_lines": [], "functions": {"_get_vigil_services": {"executed_lines": [114, 116, 154], "summary": {"covered_lines": 3, "num_statements": 26, "percent_covered": 11.538461538461538, "percent_covered_display": "12", "missing_lines": 23, "excluded_lines": 0, "percent_statements_covered": 11.538461538461538, "percent_statements_covered_display": "12"}, "missing_lines": [117, 118, 119, 121, 122, 124, 125, 127, 130, 131, 132, 133, 135, 136, 137, 138, 140, 147, 148, 149, 150, 151, 152], "excluded_lines": [], "start_line": 109}, "index_video": {"executed_lines": [170, 171, 172, 174, 175, 177, 178, 179], "summary": {"covered_lines": 8, "num_statements": 30, "percent_covered": 26.666666666666668, "percent_covered_display": "27", "missing_lines": 22, "excluded_lines": 0, "percent_statements_covered": 26.666666666666668, "percent_statements_covered_display": "27"}, "missing_lines": [182, 183, 184, 185, 187, 188, 190, 192, 193, 194, 195, 196, 198, 199, 200, 205, 206, 211, 213, 221, 222, 223], "excluded_lines": [], "start_line": 168}, "search_clips": {"executed_lines": [229, 230, 231, 233, 234], "summary": {"covered_lines": 5, "num_statements": 33, "percent_covered": 15.151515151515152, "percent_covered_display": "15", "missing_lines": 28, "excluded_lines": 0, "percent_statements_covered": 15.151515151515152, "percent_statements_covered_display": "15"}, "missing_lines": [236, 237, 239, 242, 250, 251, 252, 253, 260, 261, 262, 263, 265, 266, 267, 268, 269, 270, 271, 272, 281, 282, 283, 285, 296, 298, 299, 300], "excluded_lines": [], "start_line": 227}, "ask_question": {"executed_lines": [306, 307, 309, 310, 311, 313, 314, 317, 324, 337], "summary": {"covered_lines": 10, "num_statements": 14, "percent_covered": 71.42857142857143, "percent_covered_display": "71", "missing_lines": 4, "excluded_lines": 0, "percent_statements_covered": 71.42857142857143, "percent_statements_covered_display": "71"}, "missing_lines": [315, 344, 345, 346], "excluded_lines": [], "start_line": 304}, "get_video_status": {"executed_lines": [352, 353, 355, 356, 357, 358, 360], "summary": {"covered_lines": 7, "num_statements": 7, "percent_covered": 100.0, "percent_covered_display": "100", "missing_lines": 0, "excluded_lines": 0, "percent_statements_covered": 100.0, "percent_statements_covered_display": "100"}, "missing_lines": [], "excluded_lines": [], "start_line": 350}, "": {"executed_lines": [12, 14, 15, 17, 18, 20, 22, 30, 31, 32, 33, 34, 35, 38, 39, 40, 41, 42, 43, 44, 47, 48, 49, 50, 51, 52, 55, 56, 57, 58, 59, 60, 61, 64, 65, 66, 67, 70, 71, 72, 73, 74, 75, 78, 79, 80, 81, 82, 83, 84, 85, 88, 89, 90, 91, 92, 93, 96, 97, 98, 99, 100, 101, 102, 109, 167, 168, 226, 227, 303, 304, 349, 350], "summary": {"covered_lines": 73, "num_statements": 73, "percent_covered": 100.0, "percent_covered_display": "100", "missing_lines": 0, "excluded_lines": 0, "percent_statements_covered": 100.0, "percent_statements_covered_display": "100"}, "missing_lines": [], "excluded_lines": [], "start_line": 1}}, "classes": {"IndexRequest": {"executed_lines": [], "summary": {"covered_lines": 0, "num_statements": 0, "percent_covered": 100.0, "percent_covered_display": "100", "missing_lines": 0, "excluded_lines": 0, "percent_statements_covered": 100.0, "percent_statements_covered_display": "100"}, "missing_lines": [], "excluded_lines": [], "start_line": 30}, "IndexResponse": {"executed_lines": [], "summary": {"covered_lines": 0, "num_statements": 0, "percent_covered": 100.0, "percent_covered_display": "100", "missing_lines": 0, "excluded_lines": 0, "percent_statements_covered": 100.0, "percent_statements_covered_display": "100"}, "missing_lines": [], "excluded_lines": [], "start_line": 38}, "SearchRequest": {"executed_lines": [], "summary": {"covered_lines": 0, "num_statements": 0, "percent_covered": 100.0, "percent_covered_display": "100", "missing_lines": 0, "excluded_lines": 0, "percent_statements_covered": 100.0, "percent_statements_covered_display": "100"}, "missing_lines": [], "excluded_lines": [], "start_line": 47}, "SearchResultItem": {"executed_lines": [], "summary": {"covered_lines": 0, "num_statements": 0, "percent_covered": 100.0, "percent_covered_display": "100", "missing_lines": 0, "excluded_lines": 0, "percent_statements_covered": 100.0, "percent_statements_covered_display": "100"}, "missing_lines": [], "excluded_lines": [], "start_line": 55}, "SearchResponse": {"executed_lines": [], "summary": {"covered_lines": 0, "num_statements": 0, "percent_covered": 100.0, "percent_covered_display": "100", "missing_lines": 0, "excluded_lines": 0, "percent_statements_covered": 100.0, "percent_statements_covered_display": "100"}, "missing_lines": [], "excluded_lines": [], "start_line": 64}, "AskRequest": {"executed_lines": [], "summary": {"covered_lines": 0, "num_statements": 0, "percent_covered": 100.0, "percent_covered_display": "100", "missing_lines": 0, "excluded_lines": 0, "percent_statements_covered": 100.0, "percent_statements_covered_display": "100"}, "missing_lines": [], "excluded_lines": [], "start_line": 70}, "EvidenceItem": {"executed_lines": [], "summary": {"covered_lines": 0, "num_statements": 0, "percent_covered": 100.0, "percent_covered_display": "100", "missing_lines": 0, "excluded_lines": 0, "percent_statements_covered": 100.0, "percent_statements_covered_display": "100"}, "missing_lines": [], "excluded_lines": [], "start_line": 78}, "AskResponse": {"executed_lines": [], "summary": {"covered_lines": 0, "num_statements": 0, "percent_covered": 100.0, "percent_covered_display": "100", "missing_lines": 0, "excluded_lines": 0, "percent_statements_covered": 100.0, "percent_statements_covered_display": "100"}, "missing_lines": [], "excluded_lines": [], "start_line": 88}, "VideoStatusResponse": {"executed_lines": [], "summary": {"covered_lines": 0, "num_statements": 0, "percent_covered": 100.0, "percent_covered_display": "100", "missing_lines": 0, "excluded_lines": 0, "percent_statements_covered": 100.0, "percent_statements_covered_display": "100"}, "missing_lines": [], "excluded_lines": [], "start_line": 96}, "": {"executed_lines": [12, 14, 15, 17, 18, 20, 22, 30, 31, 32, 33, 34, 35, 38, 39, 40, 41, 42, 43, 44, 47, 48, 49, 50, 51, 52, 55, 56, 57, 58, 59, 60, 61, 64, 65, 66, 67, 70, 71, 72, 73, 74, 75, 78, 79, 80, 81, 82, 83, 84, 85, 88, 89, 90, 91, 92, 93, 96, 97, 98, 99, 100, 101, 102, 109, 114, 116, 154, 167, 168, 170, 171, 172, 174, 175, 177, 178, 179, 226, 227, 229, 230, 231, 233, 234, 303, 304, 306, 307, 309, 310, 311, 313, 314, 317, 324, 337, 349, 350, 352, 353, 355, 356, 357, 358, 360], "summary": {"covered_lines": 106, "num_statements": 183, "percent_covered": 57.923497267759565, "percent_covered_display": "58", "missing_lines": 77, "excluded_lines": 0, "percent_statements_covered": 57.923497267759565, "percent_statements_covered_display": "58"}, "missing_lines": [117, 118, 119, 121, 122, 124, 125, 127, 130, 131, 132, 133, 135, 136, 137, 138, 140, 147, 148, 149, 150, 151, 152, 182, 183, 184, 185, 187, 188, 190, 192, 193, 194, 195, 196, 198, 199, 200, 205, 206, 211, 213, 221, 222, 223, 236, 237, 239, 242, 250, 251, 252, 253, 260, 261, 262, 263, 265, 266, 267, 268, 269, 270, 271, 272, 281, 282, 283, 285, 296, 298, 299, 300, 315, 344, 345, 346], "excluded_lines": [], "start_line": 1}}}, "src\\sopilot\\watch_folder.py": {"executed_lines": [1, 3, 4, 5, 6, 7, 8, 10, 11, 12, 13, 14, 16, 17, 18, 21, 24, 25, 26, 29, 42, 49, 50, 51, 52, 54, 55, 56, 57, 59, 60, 61, 62, 64, 66, 68, 69, 70, 73, 76, 175], "summary": {"covered_lines": 41, "num_statements": 99, "percent_covered": 41.41414141414141, "percent_covered_display": "41", "missing_lines": 58, "excluded_lines": 0, "percent_statements_covered": 41.41414141414141, "percent_statements_covered_display": "41"}, "missing_lines": [30, 31, 32, 33, 34, 35, 36, 37, 38, 39, 63, 77, 78, 79, 81, 82, 84, 85, 86, 87, 88, 89, 90, 91, 93, 94, 95, 96, 97, 99, 107, 108, 109, 110, 111, 112, 114, 115, 116, 117, 119, 120, 121, 127, 128, 133, 143, 151, 152, 155, 156, 157, 158, 159, 168, 170, 172, 176], "excluded_lines": [], "functions": {"_is_hidden_path": {"executed_lines": [25, 26], "summary": {"covered_lines": 2, "num_statements": 2, "percent_covered": 100.0, "percent_covered_display": "100", "missing_lines": 0, "excluded_lines": 0, "percent_statements_covered": 100.0, "percent_statements_covered_display": "100"}, "missing_lines": [], "excluded_lines": [], "start_line": 24}, "_scan_candidates": {"executed_lines": [], "summary": {"covered_lines": 0, "num_statements": 10, "percent_covered": 0.0, "percent_covered_display": "0", "missing_lines": 10, "excluded_lines": 0, "percent_statements_covered": 0.0, "percent_statements_covered_display": "0"}, "missing_lines": [30, 31, 32, 33, 34, 35, 36, 37, 38, 39], "excluded_lines": [], "start_line": 29}, "_derive_task_role": {"executed_lines": [49, 50, 51, 52, 54, 55, 56, 57, 59, 60, 61, 62, 64, 66, 68, 69, 70], "summary": {"covered_lines": 17, "num_statements": 18, "percent_covered": 94.44444444444444, "percent_covered_display": "94", "missing_lines": 1, "excluded_lines": 0, "percent_statements_covered": 94.44444444444444, "percent_statements_covered_display": "94"}, "missing_lines": [63], "excluded_lines": [], "start_line": 42}, "run": {"executed_lines": [], "summary": {"covered_lines": 0, "num_statements": 46, "percent_covered": 0.0, "percent_covered_display": "0", "missing_lines": 46, "excluded_lines": 0, "percent_statements_covered": 0.0, "percent_statements_covered_display": "0"}, "missing_lines": [77, 78, 79, 81, 82, 84, 85, 86, 87, 88, 89, 90, 91, 93, 94, 95, 96, 97, 99, 107, 108, 109, 110, 111, 112, 114, 115, 116, 117, 119, 120, 121, 127, 128, 133, 143, 151, 152, 155, 156, 157, 158, 159, 168, 170, 172], "excluded_lines": [], "start_line": 76}, "": {"executed_lines": [1, 3, 4, 5, 6, 7, 8, 10, 11, 12, 13, 14, 16, 17, 18, 21, 24, 29, 42, 73, 76, 175], "summary": {"covered_lines": 22, "num_statements": 23, "percent_covered": 95.65217391304348, "percent_covered_display": "96", "missing_lines": 1, "excluded_lines": 0, "percent_statements_covered": 95.65217391304348, "percent_statements_covered_display": "96"}, "missing_lines": [176], "excluded_lines": [], "start_line": 1}}, "classes": {"": {"executed_lines": [1, 3, 4, 5, 6, 7, 8, 10, 11, 12, 13, 14, 16, 17, 18, 21, 24, 25, 26, 29, 42, 49, 50, 51, 52, 54, 55, 56, 57, 59, 60, 61, 62, 64, 66, 68, 69, 70, 73, 76, 175], "summary": {"covered_lines": 41, "num_statements": 99, "percent_covered": 41.41414141414141, "percent_covered_display": "41", "missing_lines": 58, "excluded_lines": 0, "percent_statements_covered": 41.41414141414141, "percent_statements_covered_display": "41"}, "missing_lines": [30, 31, 32, 33, 34, 35, 36, 37, 38, 39, 63, 77, 78, 79, 81, 82, 84, 85, 86, 87, 88, 89, 90, 91, 93, 94, 95, 96, 97, 99, 107, 108, 109, 110, 111, 112, 114, 115, 116, 117, 119, 120, 121, 127, 128, 133, 143, 151, 152, 155, 156, 157, 158, 159, 168, 170, 172, 176], "excluded_lines": [], "start_line": 1}}}, "src\\sopilot\\worker.py": {"executed_lines": [1, 3, 4, 5, 7, 8, 10, 11, 12, 14, 17, 18, 23, 24, 25, 27, 28, 29, 30, 33, 34, 36, 39, 70], "summary": {"covered_lines": 24, "num_statements": 42, "percent_covered": 57.142857142857146, "percent_covered_display": "57", "missing_lines": 18, "excluded_lines": 0, "percent_statements_covered": 57.142857142857146, "percent_statements_covered_display": "57"}, "missing_lines": [35, 40, 41, 46, 47, 48, 49, 51, 52, 53, 54, 55, 57, 58, 60, 66, 67, 71], "excluded_lines": [], "functions": {"_parse_queues": {"executed_lines": [18, 23, 24, 25, 27, 28, 29, 30, 33, 34, 36], "summary": {"covered_lines": 11, "num_statements": 12, "percent_covered": 91.66666666666667, "percent_covered_display": "92", "missing_lines": 1, "excluded_lines": 0, "percent_statements_covered": 91.66666666666667, "percent_statements_covered_display": "92"}, "missing_lines": [35], "excluded_lines": [], "start_line": 17}, "run": {"executed_lines": [], "summary": {"covered_lines": 0, "num_statements": 16, "percent_covered": 0.0, "percent_covered_display": "0", "missing_lines": 16, "excluded_lines": 0, "percent_statements_covered": 0.0, "percent_statements_covered_display": "0"}, "missing_lines": [40, 41, 46, 47, 48, 49, 51, 52, 53, 54, 55, 57, 58, 60, 66, 67], "excluded_lines": [], "start_line": 39}, "": {"executed_lines": [1, 3, 4, 5, 7, 8, 10, 11, 12, 14, 17, 39, 70], "summary": {"covered_lines": 13, "num_statements": 14, "percent_covered": 92.85714285714286, "percent_covered_display": "93", "missing_lines": 1, "excluded_lines": 0, "percent_statements_covered": 92.85714285714286, "percent_statements_covered_display": "93"}, "missing_lines": [71], "excluded_lines": [], "start_line": 1}}, "classes": {"": {"executed_lines": [1, 3, 4, 5, 7, 8, 10, 11, 12, 14, 17, 18, 23, 24, 25, 27, 28, 29, 30, 33, 34, 36, 39, 70], "summary": {"covered_lines": 24, "num_statements": 42, "percent_covered": 57.142857142857146, "percent_covered_display": "57", "missing_lines": 18, "excluded_lines": 0, "percent_statements_covered": 57.142857142857146, "percent_statements_covered_display": "57"}, "missing_lines": [35, 40, 41, 46, 47, 48, 49, 51, 52, 53, 54, 55, 57, 58, 60, 66, 67, 71], "excluded_lines": [], "start_line": 1}}}, "src\\sopilot\\worker_tasks.py": {"executed_lines": [1, 3, 5, 6, 7, 8, 10, 11, 14, 16, 17, 18, 19, 20, 21, 22, 23, 24, 27, 28, 31, 32, 35, 36, 39, 41, 42, 43, 44], "summary": {"covered_lines": 29, "num_statements": 29, "percent_covered": 100.0, "percent_covered_display": "100", "missing_lines": 0, "excluded_lines": 0, "percent_statements_covered": 100.0, "percent_statements_covered_display": "100"}, "missing_lines": [], "excluded_lines": [], "functions": {"_get_service": {"executed_lines": [16, 17, 18, 19, 20, 21, 22, 23, 24], "summary": {"covered_lines": 9, "num_statements": 9, "percent_covered": 100.0, "percent_covered_display": "100", "missing_lines": 0, "excluded_lines": 0, "percent_statements_covered": 100.0, "percent_statements_covered_display": "100"}, "missing_lines": [], "excluded_lines": [], "start_line": 14}, "run_ingest_job": {"executed_lines": [28], "summary": {"covered_lines": 1, "num_statements": 1, "percent_covered": 100.0, "percent_covered_display": "100", "missing_lines": 0, "excluded_lines": 0, "percent_statements_covered": 100.0, "percent_statements_covered_display": "100"}, "missing_lines": [], "excluded_lines": [], "start_line": 27}, "run_score_job": {"executed_lines": [32], "summary": {"covered_lines": 1, "num_statements": 1, "percent_covered": 100.0, "percent_covered_display": "100", "missing_lines": 0, "excluded_lines": 0, "percent_statements_covered": 100.0, "percent_statements_covered_display": "100"}, "missing_lines": [], "excluded_lines": [], "start_line": 31}, "run_training_job": {"executed_lines": [36], "summary": {"covered_lines": 1, "num_statements": 1, "percent_covered": 100.0, "percent_covered_display": "100", "missing_lines": 0, "excluded_lines": 0, "percent_statements_covered": 100.0, "percent_statements_covered_display": "100"}, "missing_lines": [], "excluded_lines": [], "start_line": 35}, "shutdown_worker_service": {"executed_lines": [41, 42, 43, 44], "summary": {"covered_lines": 4, "num_statements": 4, "percent_covered": 100.0, "percent_covered_display": "100", "missing_lines": 0, "excluded_lines": 0, "percent_statements_covered": 100.0, "percent_statements_covered_display": "100"}, "missing_lines": [], "excluded_lines": [], "start_line": 39}, "": {"executed_lines": [1, 3, 5, 6, 7, 8, 10, 11, 14, 27, 31, 35, 39], "summary": {"covered_lines": 13, "num_statements": 13, "percent_covered": 100.0, "percent_covered_display": "100", "missing_lines": 0, "excluded_lines": 0, "percent_statements_covered": 100.0, "percent_statements_covered_display": "100"}, "missing_lines": [], "excluded_lines": [], "start_line": 1}}, "classes": {"": {"executed_lines": [1, 3, 5, 6, 7, 8, 10, 11, 14, 16, 17, 18, 19, 20, 21, 22, 23, 24, 27, 28, 31, 32, 35, 36, 39, 41, 42, 43, 44], "summary": {"covered_lines": 29, "num_statements": 29, "percent_covered": 100.0, "percent_covered_display": "100", "missing_lines": 0, "excluded_lines": 0, "percent_statements_covered": 100.0, "percent_statements_covered_display": "100"}, "missing_lines": [], "excluded_lines": [], "start_line": 1}}}}, "totals": {"covered_lines": 5944, "num_statements": 7831, "percent_covered": 75.90346060528668, "percent_covered_display": "76", "missing_lines": 1887, "excluded_lines": 37, "percent_statements_covered": 75.90346060528668, "percent_statements_covered_display": "76"}}